#
# There is insufficient memory for the Java Runtime Environment to continue.
# Native memory allocation (malloc) failed to allocate 32744 bytes for Chunk::new
# Possible reasons:
#   The system is out of physical RAM or swap space
#   The process is running with CompressedOops enabled, and the Java Heap may be blocking the growth of the native heap
# Possible solutions:
#   Reduce memory load on the system
#   Increase physical memory or swap space
#   Check if swap backing store is full
#   Decrease Java heap size (-Xmx/-Xms)
#   Decrease number of Java threads
#   Decrease Java thread stack sizes (-Xss)
#   Set larger code cache with -XX:ReservedCodeCacheSize=
#   JVM is running with Unscaled Compressed Oops mode in which the Java heap is
#     placed in the first 4GB address space. The Java Heap base address is the
#     maximum limit for the native heap growth. Please use -XX:HeapBaseMinAddress
#     to set the Java Heap base and to place the Java Heap above 4GB virtual address.
# This output file may be truncated or incomplete.
#
#  Out of Memory Error (arena.cpp:184), pid=30708, tid=15112
#
# JRE version: Java(TM) SE Runtime Environment (18.0.2.1+1) (build 18.0.2.1+1-1)
# Java VM: Java HotSpot(TM) 64-Bit Server VM (18.0.2.1+1-1, mixed mode, sharing, tiered, compressed oops, compressed class ptrs, g1 gc, windows-amd64)
# No core dump will be written. Minidumps are not enabled by default on client versions of Windows
#

---------------  S U M M A R Y ------------

Command Line: -Dfile.encoding=UTF-8 -XX:+ShowCodeDetailsInExceptionMessages harrystutorialcode.Packages_in_Java

Host: AMD Ryzen 5 5600H with Radeon Graphics         , 12 cores, 5G,  Windows 11 , 64 bit Build 22621 (10.0.22621.1778)
Time: Fri Jun 30 11:23:01 2023 India Standard Time elapsed time: 1.475225 seconds (0d 0h 0m 1s)

---------------  T H R E A D  ---------------

Current thread (0x000001761f91cb50):  JavaThread "C1 CompilerThread0" daemon [_thread_in_native, id=15112, stack(0x00000013d3000000,0x00000013d3100000)]


Current CompileTask:
C1:   1475  122       3       java.util.StringTokenizer::scanToken (179 bytes)

Stack: [0x00000013d3000000,0x00000013d3100000]
Native frames: (J=compiled Java code, j=interpreted, Vv=VM code, C=native code)
V  [jvm.dll+0x6993aa]
V  [jvm.dll+0x7f46dd]
V  [jvm.dll+0x7f5fee]
V  [jvm.dll+0x7f66a3]
V  [jvm.dll+0x25cf1f]
V  [jvm.dll+0xb8c2f]
V  [jvm.dll+0xb8fa5]
V  [jvm.dll+0x190d4f]
V  [jvm.dll+0x18f8db]
V  [jvm.dll+0x148ff3]
V  [jvm.dll+0x1488cf]
V  [jvm.dll+0x148b26]
V  [jvm.dll+0x147f9a]
V  [jvm.dll+0x149c81]
V  [jvm.dll+0x23ee0a]
V  [jvm.dll+0x23d0f5]
V  [jvm.dll+0x7a6dd1]
V  [jvm.dll+0x7a120a]
V  [jvm.dll+0x698255]
C  [ucrtbase.dll+0x29363]
C  [KERNEL32.DLL+0x126ad]
C  [ntdll.dll+0x5a9f8]


---------------  P R O C E S S  ---------------

Threads class SMR info:
_java_thread_list=0x0000017623c67aa0, length=12, elements={
0x000001760266ac60, 0x000001761f886df0, 0x000001761f8876a0, 0x000001761f89e250,
0x000001761f8a5040, 0x000001761f8a6380, 0x000001761f8a6850, 0x000001761f8b6f50,
0x000001761f91cb50, 0x000001761f91d050, 0x000001761f8a76c0, 0x000001761f8a8530
}

Java Threads: ( => current thread )
  0x000001760266ac60 JavaThread "main" [_thread_in_native, id=31012, stack(0x00000013d2200000,0x00000013d2300000)]
  0x000001761f886df0 JavaThread "Reference Handler" daemon [_thread_blocked, id=30956, stack(0x00000013d2900000,0x00000013d2a00000)]
  0x000001761f8876a0 JavaThread "Finalizer" daemon [_thread_blocked, id=31092, stack(0x00000013d2a00000,0x00000013d2b00000)]
  0x000001761f89e250 JavaThread "Signal Dispatcher" daemon [_thread_blocked, id=9784, stack(0x00000013d2b00000,0x00000013d2c00000)]
  0x000001761f8a5040 JavaThread "Attach Listener" daemon [_thread_blocked, id=25796, stack(0x00000013d2c00000,0x00000013d2d00000)]
  0x000001761f8a6380 JavaThread "Service Thread" daemon [_thread_blocked, id=31116, stack(0x00000013d2d00000,0x00000013d2e00000)]
  0x000001761f8a6850 JavaThread "Monitor Deflation Thread" daemon [_thread_blocked, id=28368, stack(0x00000013d2e00000,0x00000013d2f00000)]
  0x000001761f8b6f50 JavaThread "C2 CompilerThread0" daemon [_thread_in_native, id=30096, stack(0x00000013d2f00000,0x00000013d3000000)]
=>0x000001761f91cb50 JavaThread "C1 CompilerThread0" daemon [_thread_in_native, id=15112, stack(0x00000013d3000000,0x00000013d3100000)]
  0x000001761f91d050 JavaThread "Sweeper thread" daemon [_thread_blocked, id=11980, stack(0x00000013d3100000,0x00000013d3200000)]
  0x000001761f8a76c0 JavaThread "Notification Thread" daemon [_thread_blocked, id=32176, stack(0x00000013d3200000,0x00000013d3300000)]
  0x000001761f8a8530 JavaThread "Common-Cleaner" daemon [_thread_blocked, id=32380, stack(0x00000013d3400000,0x00000013d3500000)]

Other Threads:
  0x00000176026e5a20 VMThread "VM Thread" [stack: 0x00000013d2800000,0x00000013d2900000] [id=31720]
  0x0000017623c92e30 WatcherThread "VM Periodic Task Thread" [stack: 0x00000013d3300000,0x00000013d3400000] [id=32200]
  0x00000176026bc9d0 WorkerThread "GC Thread#0" [stack: 0x00000013d2300000,0x00000013d2400000] [id=31604]
  0x00000176026c9480 ConcurrentGCThread "G1 Main Marker" [stack: 0x00000013d2400000,0x00000013d2500000] [id=31608]
  0x00000176026c9e70 WorkerThread "G1 Conc#0" [stack: 0x00000013d2500000,0x00000013d2600000] [id=31612]
  0x0000017602717c00 ConcurrentGCThread "G1 Refine#0" [stack: 0x00000013d2600000,0x00000013d2700000] [id=31624]
  0x00000176027193c0 ConcurrentGCThread "G1 Service" [stack: 0x00000013d2700000,0x00000013d2800000] [id=31628]

Threads with active compile tasks:
C2 CompilerThread0     1496  120       4       java.lang.String::charAt (25 bytes)
C1 CompilerThread0     1496  122       3       java.util.StringTokenizer::scanToken (179 bytes)

VM state: not at safepoint (normal execution)

VM Mutex/Monitor currently owned by a thread: None

Heap address: 0x00000000a2400000, size: 1500 MB, Compressed Oops mode: 32-bit

CDS archive(s) mapped at: [0x0000000800000000-0x0000000800ba0000-0x0000000800ba0000), size 12189696, SharedBaseAddress: 0x0000000800000000, ArchiveRelocationMode: 0.
Compressed class space mapped at: 0x0000000800c00000-0x0000000840c00000, reserved size: 1073741824
Narrow klass base: 0x0000000800000000, Narrow klass shift: 0, Narrow klass range: 0x100000000

GC Precious Log:
 CardTable entry size: 512
 Card Set container configuration: InlinePtr #cards 5 size 8 Array Of Cards #cards 12 size 40 Howl #buckets 4 coarsen threshold 1843 Howl Bitmap #cards 512 size 80 coarsen threshold 460 Card regions per heap region 1 cards per card region 2048
 CPUs: 12 total, 12 available
 Memory: 5996M
 Large Page Support: Disabled
 NUMA Support: Disabled
 Compressed Oops: Enabled (32-bit)
 Heap Region Size: 1M
 Heap Min Capacity: 8M
 Heap Initial Capacity: 94M
 Heap Max Capacity: 1500M
 Pre-touch: Disabled
 Parallel Workers: 10
 Concurrent Workers: 3
 Concurrent Refinement Workers: 10
 Periodic GC: Disabled

Heap:
 garbage-first heap   total 96256K, used 1024K [0x00000000a2400000, 0x0000000100000000)
  region size 1024K, 2 young (2048K), 0 survivors (0K)
 Metaspace       used 422K, committed 576K, reserved 1114112K
  class space    used 29K, committed 128K, reserved 1048576K

Heap Regions: E=young(eden), S=young(survivor), O=old, HS=humongous(starts), HC=humongous(continues), CS=collection set, F=free, OA=open archive, CA=closed archive, TAMS=top-at-mark-start (previous, next)
|   0|0x00000000a2400000, 0x00000000a2400000, 0x00000000a2500000|  0%| F|  |TAMS 0x00000000a2400000, 0x00000000a2400000| Untracked 
|   1|0x00000000a2500000, 0x00000000a2500000, 0x00000000a2600000|  0%| F|  |TAMS 0x00000000a2500000, 0x00000000a2500000| Untracked 
|   2|0x00000000a2600000, 0x00000000a2600000, 0x00000000a2700000|  0%| F|  |TAMS 0x00000000a2600000, 0x00000000a2600000| Untracked 
|   3|0x00000000a2700000, 0x00000000a2700000, 0x00000000a2800000|  0%| F|  |TAMS 0x00000000a2700000, 0x00000000a2700000| Untracked 
|   4|0x00000000a2800000, 0x00000000a2800000, 0x00000000a2900000|  0%| F|  |TAMS 0x00000000a2800000, 0x00000000a2800000| Untracked 
|   5|0x00000000a2900000, 0x00000000a2900000, 0x00000000a2a00000|  0%| F|  |TAMS 0x00000000a2900000, 0x00000000a2900000| Untracked 
|   6|0x00000000a2a00000, 0x00000000a2a00000, 0x00000000a2b00000|  0%| F|  |TAMS 0x00000000a2a00000, 0x00000000a2a00000| Untracked 
|   7|0x00000000a2b00000, 0x00000000a2b00000, 0x00000000a2c00000|  0%| F|  |TAMS 0x00000000a2b00000, 0x00000000a2b00000| Untracked 
|   8|0x00000000a2c00000, 0x00000000a2c00000, 0x00000000a2d00000|  0%| F|  |TAMS 0x00000000a2c00000, 0x00000000a2c00000| Untracked 
|   9|0x00000000a2d00000, 0x00000000a2d00000, 0x00000000a2e00000|  0%| F|  |TAMS 0x00000000a2d00000, 0x00000000a2d00000| Untracked 
|  10|0x00000000a2e00000, 0x00000000a2e00000, 0x00000000a2f00000|  0%| F|  |TAMS 0x00000000a2e00000, 0x00000000a2e00000| Untracked 
|  11|0x00000000a2f00000, 0x00000000a2f00000, 0x00000000a3000000|  0%| F|  |TAMS 0x00000000a2f00000, 0x00000000a2f00000| Untracked 
|  12|0x00000000a3000000, 0x00000000a3000000, 0x00000000a3100000|  0%| F|  |TAMS 0x00000000a3000000, 0x00000000a3000000| Untracked 
|  13|0x00000000a3100000, 0x00000000a3100000, 0x00000000a3200000|  0%| F|  |TAMS 0x00000000a3100000, 0x00000000a3100000| Untracked 
|  14|0x00000000a3200000, 0x00000000a3200000, 0x00000000a3300000|  0%| F|  |TAMS 0x00000000a3200000, 0x00000000a3200000| Untracked 
|  15|0x00000000a3300000, 0x00000000a3300000, 0x00000000a3400000|  0%| F|  |TAMS 0x00000000a3300000, 0x00000000a3300000| Untracked 
|  16|0x00000000a3400000, 0x00000000a3400000, 0x00000000a3500000|  0%| F|  |TAMS 0x00000000a3400000, 0x00000000a3400000| Untracked 
|  17|0x00000000a3500000, 0x00000000a3500000, 0x00000000a3600000|  0%| F|  |TAMS 0x00000000a3500000, 0x00000000a3500000| Untracked 
|  18|0x00000000a3600000, 0x00000000a3600000, 0x00000000a3700000|  0%| F|  |TAMS 0x00000000a3600000, 0x00000000a3600000| Untracked 
|  19|0x00000000a3700000, 0x00000000a3700000, 0x00000000a3800000|  0%| F|  |TAMS 0x00000000a3700000, 0x00000000a3700000| Untracked 
|  20|0x00000000a3800000, 0x00000000a3800000, 0x00000000a3900000|  0%| F|  |TAMS 0x00000000a3800000, 0x00000000a3800000| Untracked 
|  21|0x00000000a3900000, 0x00000000a3900000, 0x00000000a3a00000|  0%| F|  |TAMS 0x00000000a3900000, 0x00000000a3900000| Untracked 
|  22|0x00000000a3a00000, 0x00000000a3a00000, 0x00000000a3b00000|  0%| F|  |TAMS 0x00000000a3a00000, 0x00000000a3a00000| Untracked 
|  23|0x00000000a3b00000, 0x00000000a3b00000, 0x00000000a3c00000|  0%| F|  |TAMS 0x00000000a3b00000, 0x00000000a3b00000| Untracked 
|  24|0x00000000a3c00000, 0x00000000a3c00000, 0x00000000a3d00000|  0%| F|  |TAMS 0x00000000a3c00000, 0x00000000a3c00000| Untracked 
|  25|0x00000000a3d00000, 0x00000000a3d00000, 0x00000000a3e00000|  0%| F|  |TAMS 0x00000000a3d00000, 0x00000000a3d00000| Untracked 
|  26|0x00000000a3e00000, 0x00000000a3e00000, 0x00000000a3f00000|  0%| F|  |TAMS 0x00000000a3e00000, 0x00000000a3e00000| Untracked 
|  27|0x00000000a3f00000, 0x00000000a3f00000, 0x00000000a4000000|  0%| F|  |TAMS 0x00000000a3f00000, 0x00000000a3f00000| Untracked 
|  28|0x00000000a4000000, 0x00000000a4000000, 0x00000000a4100000|  0%| F|  |TAMS 0x00000000a4000000, 0x00000000a4000000| Untracked 
|  29|0x00000000a4100000, 0x00000000a4100000, 0x00000000a4200000|  0%| F|  |TAMS 0x00000000a4100000, 0x00000000a4100000| Untracked 
|  30|0x00000000a4200000, 0x00000000a4200000, 0x00000000a4300000|  0%| F|  |TAMS 0x00000000a4200000, 0x00000000a4200000| Untracked 
|  31|0x00000000a4300000, 0x00000000a4300000, 0x00000000a4400000|  0%| F|  |TAMS 0x00000000a4300000, 0x00000000a4300000| Untracked 
|  32|0x00000000a4400000, 0x00000000a4400000, 0x00000000a4500000|  0%| F|  |TAMS 0x00000000a4400000, 0x00000000a4400000| Untracked 
|  33|0x00000000a4500000, 0x00000000a4500000, 0x00000000a4600000|  0%| F|  |TAMS 0x00000000a4500000, 0x00000000a4500000| Untracked 
|  34|0x00000000a4600000, 0x00000000a4600000, 0x00000000a4700000|  0%| F|  |TAMS 0x00000000a4600000, 0x00000000a4600000| Untracked 
|  35|0x00000000a4700000, 0x00000000a4700000, 0x00000000a4800000|  0%| F|  |TAMS 0x00000000a4700000, 0x00000000a4700000| Untracked 
|  36|0x00000000a4800000, 0x00000000a4800000, 0x00000000a4900000|  0%| F|  |TAMS 0x00000000a4800000, 0x00000000a4800000| Untracked 
|  37|0x00000000a4900000, 0x00000000a4900000, 0x00000000a4a00000|  0%| F|  |TAMS 0x00000000a4900000, 0x00000000a4900000| Untracked 
|  38|0x00000000a4a00000, 0x00000000a4a00000, 0x00000000a4b00000|  0%| F|  |TAMS 0x00000000a4a00000, 0x00000000a4a00000| Untracked 
|  39|0x00000000a4b00000, 0x00000000a4b00000, 0x00000000a4c00000|  0%| F|  |TAMS 0x00000000a4b00000, 0x00000000a4b00000| Untracked 
|  40|0x00000000a4c00000, 0x00000000a4c00000, 0x00000000a4d00000|  0%| F|  |TAMS 0x00000000a4c00000, 0x00000000a4c00000| Untracked 
|  41|0x00000000a4d00000, 0x00000000a4d00000, 0x00000000a4e00000|  0%| F|  |TAMS 0x00000000a4d00000, 0x00000000a4d00000| Untracked 
|  42|0x00000000a4e00000, 0x00000000a4e00000, 0x00000000a4f00000|  0%| F|  |TAMS 0x00000000a4e00000, 0x00000000a4e00000| Untracked 
|  43|0x00000000a4f00000, 0x00000000a4f00000, 0x00000000a5000000|  0%| F|  |TAMS 0x00000000a4f00000, 0x00000000a4f00000| Untracked 
|  44|0x00000000a5000000, 0x00000000a5000000, 0x00000000a5100000|  0%| F|  |TAMS 0x00000000a5000000, 0x00000000a5000000| Untracked 
|  45|0x00000000a5100000, 0x00000000a5100000, 0x00000000a5200000|  0%| F|  |TAMS 0x00000000a5100000, 0x00000000a5100000| Untracked 
|  46|0x00000000a5200000, 0x00000000a5200000, 0x00000000a5300000|  0%| F|  |TAMS 0x00000000a5200000, 0x00000000a5200000| Untracked 
|  47|0x00000000a5300000, 0x00000000a5300000, 0x00000000a5400000|  0%| F|  |TAMS 0x00000000a5300000, 0x00000000a5300000| Untracked 
|  48|0x00000000a5400000, 0x00000000a5400000, 0x00000000a5500000|  0%| F|  |TAMS 0x00000000a5400000, 0x00000000a5400000| Untracked 
|  49|0x00000000a5500000, 0x00000000a5500000, 0x00000000a5600000|  0%| F|  |TAMS 0x00000000a5500000, 0x00000000a5500000| Untracked 
|  50|0x00000000a5600000, 0x00000000a5600000, 0x00000000a5700000|  0%| F|  |TAMS 0x00000000a5600000, 0x00000000a5600000| Untracked 
|  51|0x00000000a5700000, 0x00000000a5700000, 0x00000000a5800000|  0%| F|  |TAMS 0x00000000a5700000, 0x00000000a5700000| Untracked 
|  52|0x00000000a5800000, 0x00000000a5800000, 0x00000000a5900000|  0%| F|  |TAMS 0x00000000a5800000, 0x00000000a5800000| Untracked 
|  53|0x00000000a5900000, 0x00000000a5900000, 0x00000000a5a00000|  0%| F|  |TAMS 0x00000000a5900000, 0x00000000a5900000| Untracked 
|  54|0x00000000a5a00000, 0x00000000a5a00000, 0x00000000a5b00000|  0%| F|  |TAMS 0x00000000a5a00000, 0x00000000a5a00000| Untracked 
|  55|0x00000000a5b00000, 0x00000000a5b00000, 0x00000000a5c00000|  0%| F|  |TAMS 0x00000000a5b00000, 0x00000000a5b00000| Untracked 
|  56|0x00000000a5c00000, 0x00000000a5c00000, 0x00000000a5d00000|  0%| F|  |TAMS 0x00000000a5c00000, 0x00000000a5c00000| Untracked 
|  57|0x00000000a5d00000, 0x00000000a5d00000, 0x00000000a5e00000|  0%| F|  |TAMS 0x00000000a5d00000, 0x00000000a5d00000| Untracked 
|  58|0x00000000a5e00000, 0x00000000a5e00000, 0x00000000a5f00000|  0%| F|  |TAMS 0x00000000a5e00000, 0x00000000a5e00000| Untracked 
|  59|0x00000000a5f00000, 0x00000000a5f00000, 0x00000000a6000000|  0%| F|  |TAMS 0x00000000a5f00000, 0x00000000a5f00000| Untracked 
|  60|0x00000000a6000000, 0x00000000a6000000, 0x00000000a6100000|  0%| F|  |TAMS 0x00000000a6000000, 0x00000000a6000000| Untracked 
|  61|0x00000000a6100000, 0x00000000a6100000, 0x00000000a6200000|  0%| F|  |TAMS 0x00000000a6100000, 0x00000000a6100000| Untracked 
|  62|0x00000000a6200000, 0x00000000a6200000, 0x00000000a6300000|  0%| F|  |TAMS 0x00000000a6200000, 0x00000000a6200000| Untracked 
|  63|0x00000000a6300000, 0x00000000a6300000, 0x00000000a6400000|  0%| F|  |TAMS 0x00000000a6300000, 0x00000000a6300000| Untracked 
|  64|0x00000000a6400000, 0x00000000a6400000, 0x00000000a6500000|  0%| F|  |TAMS 0x00000000a6400000, 0x00000000a6400000| Untracked 
|  65|0x00000000a6500000, 0x00000000a6500000, 0x00000000a6600000|  0%| F|  |TAMS 0x00000000a6500000, 0x00000000a6500000| Untracked 
|  66|0x00000000a6600000, 0x00000000a6600000, 0x00000000a6700000|  0%| F|  |TAMS 0x00000000a6600000, 0x00000000a6600000| Untracked 
|  67|0x00000000a6700000, 0x00000000a6700000, 0x00000000a6800000|  0%| F|  |TAMS 0x00000000a6700000, 0x00000000a6700000| Untracked 
|  68|0x00000000a6800000, 0x00000000a6800000, 0x00000000a6900000|  0%| F|  |TAMS 0x00000000a6800000, 0x00000000a6800000| Untracked 
|  69|0x00000000a6900000, 0x00000000a6900000, 0x00000000a6a00000|  0%| F|  |TAMS 0x00000000a6900000, 0x00000000a6900000| Untracked 
|  70|0x00000000a6a00000, 0x00000000a6a00000, 0x00000000a6b00000|  0%| F|  |TAMS 0x00000000a6a00000, 0x00000000a6a00000| Untracked 
|  71|0x00000000a6b00000, 0x00000000a6b00000, 0x00000000a6c00000|  0%| F|  |TAMS 0x00000000a6b00000, 0x00000000a6b00000| Untracked 
|  72|0x00000000a6c00000, 0x00000000a6c00000, 0x00000000a6d00000|  0%| F|  |TAMS 0x00000000a6c00000, 0x00000000a6c00000| Untracked 
|  73|0x00000000a6d00000, 0x00000000a6d00000, 0x00000000a6e00000|  0%| F|  |TAMS 0x00000000a6d00000, 0x00000000a6d00000| Untracked 
|  74|0x00000000a6e00000, 0x00000000a6e00000, 0x00000000a6f00000|  0%| F|  |TAMS 0x00000000a6e00000, 0x00000000a6e00000| Untracked 
|  75|0x00000000a6f00000, 0x00000000a6f00000, 0x00000000a7000000|  0%| F|  |TAMS 0x00000000a6f00000, 0x00000000a6f00000| Untracked 
|  76|0x00000000a7000000, 0x00000000a7000000, 0x00000000a7100000|  0%| F|  |TAMS 0x00000000a7000000, 0x00000000a7000000| Untracked 
|  77|0x00000000a7100000, 0x00000000a7100000, 0x00000000a7200000|  0%| F|  |TAMS 0x00000000a7100000, 0x00000000a7100000| Untracked 
|  78|0x00000000a7200000, 0x00000000a7200000, 0x00000000a7300000|  0%| F|  |TAMS 0x00000000a7200000, 0x00000000a7200000| Untracked 
|  79|0x00000000a7300000, 0x00000000a7300000, 0x00000000a7400000|  0%| F|  |TAMS 0x00000000a7300000, 0x00000000a7300000| Untracked 
|  80|0x00000000a7400000, 0x00000000a7400000, 0x00000000a7500000|  0%| F|  |TAMS 0x00000000a7400000, 0x00000000a7400000| Untracked 
|  81|0x00000000a7500000, 0x00000000a7500000, 0x00000000a7600000|  0%| F|  |TAMS 0x00000000a7500000, 0x00000000a7500000| Untracked 
|  82|0x00000000a7600000, 0x00000000a7600000, 0x00000000a7700000|  0%| F|  |TAMS 0x00000000a7600000, 0x00000000a7600000| Untracked 
|  83|0x00000000a7700000, 0x00000000a7700000, 0x00000000a7800000|  0%| F|  |TAMS 0x00000000a7700000, 0x00000000a7700000| Untracked 
|  84|0x00000000a7800000, 0x00000000a7800000, 0x00000000a7900000|  0%| F|  |TAMS 0x00000000a7800000, 0x00000000a7800000| Untracked 
|  85|0x00000000a7900000, 0x00000000a7900000, 0x00000000a7a00000|  0%| F|  |TAMS 0x00000000a7900000, 0x00000000a7900000| Untracked 
|  86|0x00000000a7a00000, 0x00000000a7a00000, 0x00000000a7b00000|  0%| F|  |TAMS 0x00000000a7a00000, 0x00000000a7a00000| Untracked 
|  87|0x00000000a7b00000, 0x00000000a7b00000, 0x00000000a7c00000|  0%| F|  |TAMS 0x00000000a7b00000, 0x00000000a7b00000| Untracked 
|  88|0x00000000a7c00000, 0x00000000a7c00000, 0x00000000a7d00000|  0%| F|  |TAMS 0x00000000a7c00000, 0x00000000a7c00000| Untracked 
|  89|0x00000000a7d00000, 0x00000000a7d00000, 0x00000000a7e00000|  0%| F|  |TAMS 0x00000000a7d00000, 0x00000000a7d00000| Untracked 
|  90|0x00000000a7e00000, 0x00000000a7e00000, 0x00000000a7f00000|  0%| F|  |TAMS 0x00000000a7e00000, 0x00000000a7e00000| Untracked 
|  91|0x00000000a7f00000, 0x00000000a7f00000, 0x00000000a8000000|  0%| F|  |TAMS 0x00000000a7f00000, 0x00000000a7f00000| Untracked 
|  92|0x00000000a8000000, 0x00000000a80ec0a0, 0x00000000a8100000| 92%| E|  |TAMS 0x00000000a8000000, 0x00000000a8000000| Complete 
|  93|0x00000000a8100000, 0x00000000a8200000, 0x00000000a8200000|100%| E|CS|TAMS 0x00000000a8100000, 0x00000000a8100000| Complete 

Card table byte_map: [0x00000176197f0000,0x0000017619ae0000] _byte_map_base: 0x00000176192de000

Marking Bits (Prev, Next): (CMBitMap*) 0x00000176026bcfd0, (CMBitMap*) 0x00000176026bd010
 Prev Bits: [0x0000017619dd0000, 0x000001761b540000)
 Next Bits: [0x000001761b540000, 0x000001761ccb0000)

Polling page: 0x00000176005c0000

Metaspace:

Usage:
  Non-class:    393.66 KB used.
      Class:     29.30 KB used.
       Both:    422.95 KB used.

Virtual space:
  Non-class space:       64.00 MB reserved,     448.00 KB ( <1%) committed,  1 nodes.
      Class space:        1.00 GB reserved,     128.00 KB ( <1%) committed,  1 nodes.
             Both:        1.06 GB reserved,     576.00 KB ( <1%) committed. 

Chunk freelists:
   Non-Class:  3.98 MB
       Class:  3.74 MB
        Both:  7.72 MB

MaxMetaspaceSize: unlimited
CompressedClassSpaceSize: 1.00 GB
Initial GC threshold: 21.00 MB
Current GC threshold: 21.00 MB
CDS: on
MetaspaceReclaimPolicy: balanced
 - commit_granule_bytes: 65536.
 - commit_granule_words: 8192.
 - virtual_space_node_default_size: 8388608.
 - enlarge_chunks_in_place: 1.
 - new_chunks_are_fully_committed: 0.
 - uncommit_free_chunks: 1.
 - use_allocation_guard: 0.


Internal statistics:

num_allocs_failed_limit: 0.
num_arena_births: 10.
num_arena_deaths: 0.
num_vsnodes_births: 2.
num_vsnodes_deaths: 0.
num_space_committed: 9.
num_space_uncommitted: 0.
num_chunks_returned_to_freelist: 0.
num_chunks_taken_from_freelist: 12.
num_chunk_merges: 0.
num_chunk_splits: 7.
num_chunks_enlarged: 4.
num_inconsistent_stats: 0.

CodeHeap 'non-profiled nmethods': size=120000Kb used=41Kb max_used=41Kb free=119958Kb
 bounds [0x0000017611a70000, 0x0000017611ce0000, 0x0000017618fa0000]
CodeHeap 'profiled nmethods': size=120000Kb used=125Kb max_used=125Kb free=119874Kb
 bounds [0x000001760a540000, 0x000001760a7b0000, 0x0000017611a70000]
CodeHeap 'non-nmethods': size=5760Kb used=1105Kb max_used=1105Kb free=4655Kb
 bounds [0x0000017609fa0000, 0x000001760a210000, 0x000001760a540000]
 total_blobs=492 nmethods=125 adapters=280
 compilation: enabled
              stopped_count=0, restarted_count=0
 full_count=0

Compilation events (20 events):
Event: 1.461 Thread 0x000001761f91cb50  111       3       java.lang.String::getBytes (44 bytes)
Event: 1.461 Thread 0x000001761f91cb50 nmethod 111 0x000001760a55b590 code [0x000001760a55b760, 0x000001760a55ba58]
Event: 1.464 Thread 0x000001761f91cb50  112       3       java.lang.String::indexOf (29 bytes)
Event: 1.464 Thread 0x000001761f91cb50 nmethod 112 0x000001760a55bb90 code [0x000001760a55bd60, 0x000001760a55bff8]
Event: 1.464 Thread 0x000001761f91cb50  113       3       java.lang.StringLatin1::indexOf (36 bytes)
Event: 1.464 Thread 0x000001761f91cb50 nmethod 113 0x000001760a55c110 code [0x000001760a55c2e0, 0x000001760a55c718]
Event: 1.466 Thread 0x000001761f91cb50  114       3       java.lang.ref.Reference::reachabilityFence (1 bytes)
Event: 1.466 Thread 0x000001761f91cb50 nmethod 114 0x000001760a55c890 code [0x000001760a55ca20, 0x000001760a55cb18]
Event: 1.466 Thread 0x000001761f91cb50  115       3       java.util.Optional::orElse (16 bytes)
Event: 1.466 Thread 0x000001761f91cb50 nmethod 115 0x000001760a55cb90 code [0x000001760a55cd20, 0x000001760a55ce98]
Event: 1.467 Thread 0x000001761f91cb50  116       3       java.lang.invoke.MethodType::makeImpl (109 bytes)
Event: 1.468 Thread 0x000001761f91cb50 nmethod 116 0x000001760a55cf10 code [0x000001760a55d1c0, 0x000001760a55dfd8]
Event: 1.468 Thread 0x000001761f91cb50  118       3       java.lang.invoke.MethodType::hashCode (53 bytes)
Event: 1.468 Thread 0x000001761f91cb50 nmethod 118 0x000001760a55e410 code [0x000001760a55e5c0, 0x000001760a55e938]
Event: 1.468 Thread 0x000001761f91cb50  119       3       java.lang.String::indexOf (7 bytes)
Event: 1.468 Thread 0x000001761f91cb50 nmethod 119 0x000001760a55eb10 code [0x000001760a55ece0, 0x000001760a55eff8]
Event: 1.468 Thread 0x000001761f91cb50  117       3       java.lang.invoke.MethodType::<init> (15 bytes)
Event: 1.469 Thread 0x000001761f91cb50 nmethod 117 0x000001760a55f110 code [0x000001760a55f2c0, 0x000001760a55f4d8]
Event: 1.469 Thread 0x000001761f8b6f50  120       4       java.lang.String::charAt (25 bytes)
Event: 1.469 Thread 0x000001761f91cb50  122       3       java.util.StringTokenizer::scanToken (179 bytes)

GC Heap History (0 events):
No events

Deoptimization events (0 events):
No events

Classes loaded (20 events):
Event: 1.384 Loading class jdk/internal/loader/URLClassPath$FileLoader
Event: 1.384 Loading class jdk/internal/loader/URLClassPath$FileLoader done
Event: 1.411 Loading class jdk/internal/loader/URLClassPath$FileLoader$1
Event: 1.411 Loading class jdk/internal/loader/URLClassPath$FileLoader$1 done
Event: 1.417 Loading class java/util/Scanner
Event: 1.418 Loading class java/util/Scanner done
Event: 1.446 Loading class java/io/InputStreamReader
Event: 1.446 Loading class java/io/Reader
Event: 1.448 Loading class java/io/Reader done
Event: 1.448 Loading class java/io/InputStreamReader done
Event: 1.448 Loading class sun/nio/cs/StreamDecoder
Event: 1.448 Loading class sun/nio/cs/StreamDecoder done
Event: 1.449 Loading class sun/nio/cs/UTF_8$Decoder
Event: 1.449 Loading class sun/nio/cs/UTF_8$Decoder done
Event: 1.449 Loading class java/util/Scanner$PatternLRUCache
Event: 1.449 Loading class java/util/Scanner$PatternLRUCache done
Event: 1.462 Loading class jdk/internal/module/ModulePatcher$PatchedModuleReader
Event: 1.462 Loading class jdk/internal/module/ModulePatcher$PatchedModuleReader done
Event: 1.466 Loading class sun/net/www/protocol/jrt/Handler
Event: 1.466 Loading class sun/net/www/protocol/jrt/Handler done

Classes unloaded (0 events):
No events

Classes redefined (0 events):
No events

Internal exceptions (0 events):
No events

VM Operations (2 events):
Event: 1.219 Executing VM operation: Cleanup
Event: 1.328 Executing VM operation: Cleanup done

Events (15 events):
Event: 0.045 Loaded shared library C:\Program Files\Java\jdk-18.0.2.1\bin\java.dll
Event: 0.197 Loaded shared library C:\Program Files\Java\jdk-18.0.2.1\bin\jsvml.dll
Event: 0.197 Thread 0x000001760266ac60 Thread added: 0x000001760266ac60
Event: 0.225 Thread 0x000001761f886df0 Thread added: 0x000001761f886df0
Event: 0.226 Thread 0x000001761f8876a0 Thread added: 0x000001761f8876a0
Event: 0.275 Thread 0x000001761f89e250 Thread added: 0x000001761f89e250
Event: 0.276 Thread 0x000001761f8a5040 Thread added: 0x000001761f8a5040
Event: 0.277 Thread 0x000001761f8a6380 Thread added: 0x000001761f8a6380
Event: 0.277 Thread 0x000001761f8a6850 Thread added: 0x000001761f8a6850
Event: 0.277 Thread 0x000001761f8b6f50 Thread added: 0x000001761f8b6f50
Event: 0.283 Thread 0x000001761f91cb50 Thread added: 0x000001761f91cb50
Event: 0.283 Thread 0x000001761f91d050 Thread added: 0x000001761f91d050
Event: 1.379 Thread 0x000001761f8a76c0 Thread added: 0x000001761f8a76c0
Event: 1.414 Thread 0x000001761f8a8530 Thread added: 0x000001761f8a8530
Event: 1.465 Loaded shared library C:\Program Files\Java\jdk-18.0.2.1\bin\jimage.dll


Dynamic libraries:
0x00007ff636820000 - 0x00007ff636830000 	C:\Program Files\Java\jdk-18.0.2.1\bin\javaw.exe
0x00007ffb52f10000 - 0x00007ffb53124000 	C:\WINDOWS\SYSTEM32\ntdll.dll
0x00007ffb52800000 - 0x00007ffb528c2000 	C:\WINDOWS\System32\KERNEL32.DLL
0x00007ffb507d0000 - 0x00007ffb50b73000 	C:\WINDOWS\System32\KERNELBASE.dll
0x00007ffb50310000 - 0x00007ffb50421000 	C:\WINDOWS\System32\ucrtbase.dll
0x00007ffb42800000 - 0x00007ffb42818000 	C:\Program Files\Java\jdk-18.0.2.1\bin\jli.dll
0x00007ffb52750000 - 0x00007ffb527fe000 	C:\WINDOWS\System32\ADVAPI32.dll
0x00007ffb51690000 - 0x00007ffb51737000 	C:\WINDOWS\System32\msvcrt.dll
0x00007ffb50cf0000 - 0x00007ffb50d94000 	C:\WINDOWS\System32\sechost.dll
0x00007ffb51310000 - 0x00007ffb51427000 	C:\WINDOWS\System32\RPCRT4.dll
0x00007ffb514e0000 - 0x00007ffb5168b000 	C:\WINDOWS\System32\USER32.dll
0x00007ffb50c00000 - 0x00007ffb50c26000 	C:\WINDOWS\System32\win32u.dll
0x00007ffb51260000 - 0x00007ffb51289000 	C:\WINDOWS\System32\GDI32.dll
0x00007ffb50430000 - 0x00007ffb50549000 	C:\WINDOWS\System32\gdi32full.dll
0x00007ffb50730000 - 0x00007ffb507ca000 	C:\WINDOWS\System32\msvcp_win.dll
0x00007ffb35280000 - 0x00007ffb3550e000 	C:\WINDOWS\WinSxS\amd64_microsoft.windows.common-controls_6595b64144ccf1df_6.0.22621.1635_none_270f70857386168e\COMCTL32.dll
0x00007ffb476a0000 - 0x00007ffb476aa000 	C:\WINDOWS\SYSTEM32\VERSION.dll
0x00007ffb427e0000 - 0x00007ffb427fa000 	C:\Program Files\Java\jdk-18.0.2.1\bin\VCRUNTIME140.dll
0x00007ffb52c40000 - 0x00007ffb52c71000 	C:\WINDOWS\System32\IMM32.DLL
0x00007ffb4b960000 - 0x00007ffb4b96c000 	C:\Program Files\Java\jdk-18.0.2.1\bin\vcruntime140_1.dll
0x00007ffb2f250000 - 0x00007ffb2f2dd000 	C:\Program Files\Java\jdk-18.0.2.1\bin\msvcp140.dll
0x00007ffabab90000 - 0x00007ffabb7a1000 	C:\Program Files\Java\jdk-18.0.2.1\bin\server\jvm.dll
0x00007ffb52d00000 - 0x00007ffb52d08000 	C:\WINDOWS\System32\PSAPI.DLL
0x00007ffb48740000 - 0x00007ffb48774000 	C:\WINDOWS\SYSTEM32\WINMM.dll
0x00007ffb2c080000 - 0x00007ffb2c089000 	C:\WINDOWS\SYSTEM32\WSOCK32.dll
0x00007ffb51f40000 - 0x00007ffb51fb1000 	C:\WINDOWS\System32\WS2_32.dll
0x00007ffb4f360000 - 0x00007ffb4f378000 	C:\WINDOWS\SYSTEM32\kernel.appcore.dll
0x00007ffb42760000 - 0x00007ffb4276a000 	C:\Program Files\Java\jdk-18.0.2.1\bin\jimage.dll
0x00007ffb4df80000 - 0x00007ffb4e1ae000 	C:\WINDOWS\SYSTEM32\DBGHELP.DLL
0x00007ffb50ed0000 - 0x00007ffb51259000 	C:\WINDOWS\System32\combase.dll
0x00007ffb521f0000 - 0x00007ffb522c7000 	C:\WINDOWS\System32\OLEAUT32.dll
0x00007ffb3e030000 - 0x00007ffb3e062000 	C:\WINDOWS\SYSTEM32\dbgcore.DLL
0x00007ffb50b80000 - 0x00007ffb50bfb000 	C:\WINDOWS\System32\bcryptPrimitives.dll
0x00007ffb426f0000 - 0x00007ffb42715000 	C:\Program Files\Java\jdk-18.0.2.1\bin\java.dll
0x00007ffaef790000 - 0x00007ffaef866000 	C:\Program Files\Java\jdk-18.0.2.1\bin\jsvml.dll
0x00007ffb51740000 - 0x00007ffb51f3a000 	C:\WINDOWS\System32\SHELL32.dll
0x00007ffb4e310000 - 0x00007ffb4ebde000 	C:\WINDOWS\SYSTEM32\windows.storage.dll
0x00007ffb4e1d0000 - 0x00007ffb4e30e000 	C:\WINDOWS\SYSTEM32\wintypes.dll
0x00007ffb528d0000 - 0x00007ffb529c1000 	C:\WINDOWS\System32\SHCORE.dll
0x00007ffb52ca0000 - 0x00007ffb52cfe000 	C:\WINDOWS\System32\shlwapi.dll
0x00007ffb50240000 - 0x00007ffb50261000 	C:\WINDOWS\SYSTEM32\profapi.dll

dbghelp: loaded successfully - version: 4.0.5 - missing functions: none
symbol engine: initialized successfully - sym options: 0x614 - pdb path: .;C:\Program Files\Java\jdk-18.0.2.1\bin;C:\WINDOWS\SYSTEM32;C:\WINDOWS\WinSxS\amd64_microsoft.windows.common-controls_6595b64144ccf1df_6.0.22621.1635_none_270f70857386168e;C:\Program Files\Java\jdk-18.0.2.1\bin\server

VM Arguments:
jvm_args: -Dfile.encoding=UTF-8 -XX:+ShowCodeDetailsInExceptionMessages 
java_command: harrystutorialcode.Packages_in_Java
java_class_path (initial): C:\Users\bhush\eclipse-workspace\poonamdemo\bin
Launcher Type: SUN_STANDARD

[Global flags]
     intx CICompilerCount                          = 4                                         {product} {ergonomic}
     uint ConcGCThreads                            = 3                                         {product} {ergonomic}
     uint G1ConcRefinementThreads                  = 10                                        {product} {ergonomic}
   size_t G1HeapRegionSize                         = 1048576                                   {product} {ergonomic}
    uintx GCDrainStackTargetSize                   = 64                                        {product} {ergonomic}
   size_t InitialHeapSize                          = 98566144                                  {product} {ergonomic}
   size_t MarkStackSize                            = 4194304                                   {product} {ergonomic}
   size_t MaxHeapSize                              = 1572864000                                {product} {ergonomic}
   size_t MaxNewSize                               = 943718400                                 {product} {ergonomic}
   size_t MinHeapDeltaBytes                        = 1048576                                   {product} {ergonomic}
   size_t MinHeapSize                              = 8388608                                   {product} {ergonomic}
    uintx NonNMethodCodeHeapSize                   = 5839372                                {pd product} {ergonomic}
    uintx NonProfiledCodeHeapSize                  = 122909434                              {pd product} {ergonomic}
    uintx ProfiledCodeHeapSize                     = 122909434                              {pd product} {ergonomic}
    uintx ReservedCodeCacheSize                    = 251658240                              {pd product} {ergonomic}
     bool SegmentedCodeCache                       = true                                      {product} {ergonomic}
     bool ShowCodeDetailsInExceptionMessages       = true                                   {manageable} {command line}
   size_t SoftMaxHeapSize                          = 1572864000                             {manageable} {ergonomic}
     bool UseCompressedClassPointers               = true                           {product lp64_product} {ergonomic}
     bool UseCompressedOops                        = true                           {product lp64_product} {ergonomic}
     bool UseG1GC                                  = true                                      {product} {ergonomic}
     bool UseLargePagesIndividualAllocation        = false                                  {pd product} {ergonomic}

Logging:
Log output configuration:
 #0: stdout all=warning uptime,level,tags foldmultilines=false
 #1: stderr all=off uptime,level,tags foldmultilines=false

Environment Variables:
PATH=C:/Program Files/Java/jdk-18.0.2.1/bin/server;C:/Program Files/Java/jdk-18.0.2.1/bin;C:\Program Files\Common Files\Oracle\Java\javapath;C:\Windows\system32;C:\Windows;C:\Windows\System32\Wbem;C:\Windows\System32\WindowsPowerShell\v1.0\;C:\Windows\System32\OpenSSH\;C:\Program Files (x86)\NVIDIA Corporation\PhysX\Common;C:\Program Files\NVIDIA Corporation\NVIDIA NvDLISR;C:\Program Files\Git\cmd;C:\WINDOWS\system32;C:\WINDOWS;C:\WINDOWS\System32\Wbem;C:\WINDOWS\System32\WindowsPowerShell\v1.0\;C:\WINDOWS\System32\OpenSSH\;C:\Program Files\nodejs\;C:\Program Files\Microsoft VS Code\bin;C:\Users\bhush\AppData\Local\Microsoft\WindowsApps;C:\Users\bhush\AppData\Roaming\npm;C:\Users\bhush\Desktop;
USERNAME=bhush
OS=Windows_NT
PROCESSOR_IDENTIFIER=AMD64 Family 25 Model 80 Stepping 0, AuthenticAMD



---------------  S Y S T E M  ---------------

OS:
 Windows 11 , 64 bit Build 22621 (10.0.22621.1778)
OS uptime: 1 days 20:40 hours

CPU: total 12 (initial active 12) (12 cores per cpu, 2 threads per core) family 25 model 80 stepping 0 microcode 0x0, cx8, cmov, fxsr, ht, mmx, 3dnowpref, sse, sse2, sse3, ssse3, sse4a, sse4.1, sse4.2, popcnt, lzcnt, tsc, tscinvbit, avx, avx2, aes, erms, clmul, bmi1, bmi2, adx, sha, fma, vzeroupper, clflush, clflushopt

Memory: 4k page, system-wide physical 5996M (145M free)
TotalPageFile size 24428M (AvailPageFile size 19M)
current process WorkingSet (physical memory assigned to process): 30M, peak: 30M
current process commit charge ("private bytes"): 178M, peak: 178M

vm_info: Java HotSpot(TM) 64-Bit Server VM (18.0.2.1+1-1) for windows-amd64 JRE (18.0.2.1+1-1), built on Aug 16 2022 01:46:33 by "mach5one" with MS VC++ 16.8 / 16.9 (VS2019)

END.
