#
# A fatal error has been detected by the Java Runtime Environment:
#
#  EXCEPTION_ACCESS_VIOLATION (0xc0000005) at pc=0x00007ffb42761be9, pid=32416, tid=14388
#
# JRE version:  (18.0.2.1+1) (build )
# Java VM: Java HotSpot(TM) 64-Bit Server VM (18.0.2.1+1-1, mixed mode, sharing, tiered, unknown gc, windows-amd64)
# Problematic frame:
# C  [jimage.dll+0x1be9]
#
# No core dump will be written. Minidumps are not enabled by default on client versions of Windows
#
#

---------------  S U M M A R Y ------------

Command Line: 

Host: AMD Ryzen 5 5600H with Radeon Graphics         , 12 cores, 5G,  Windows 11 , 64 bit Build 22621 (10.0.22621.1778)
Time: Fri Jun 30 11:23:01 2023 India Standard Time elapsed time: 0.009754 seconds (0d 0h 0m 0s)

---------------  T H R E A D  ---------------

Current thread is native thread

Stack: [0x000000256e100000,0x000000256e200000],  sp=0x000000256e1fd7b0,  free space=1013k
Native frames: (J=compiled Java code, j=interpreted, Vv=VM code, C=native code)
C  [jimage.dll+0x1be9]


siginfo: EXCEPTION_ACCESS_VIOLATION (0xc0000005), reading address 0x000000000001172c


Registers:
RAX=0x00000000000045c4, RBX=0x000000256e1fd8a1, RCX=0x00007ffb42766000, RDX=0x00000000000045c4
RSP=0x000000256e1fd7b0, RBP=0x000000256e1fd8a0, RSI=0x0000000000007239, RDI=0x000000256e1fd8a0
R8 =0x00007ffb42764288, R9 =0x000000000000001c, R10=0x00007ffb427e0000, R11=0x00007ffb42766000
R12=0x0000000000000000, R13=0x000000256e1ffcc0, R14=0x000000256e1fe910, R15=0x00007ffabb492628
RIP=0x00007ffb42761be9, EFLAGS=0x0000000000010212

Top of Stack: (sp=0x000000256e1fd7b0)
0x000000256e1fd7b0:   000001fbad360b44 00000000000000c0
0x000000256e1fd7c0:   000001fbad360b5c 000001fbad360b18
0x000000256e1fd7d0:   000001fbad46a5a0 00007ffb42761d77
0x000000256e1fd7e0:   000000000000000b 000001fbad46a5a0
0x000000256e1fd7f0:   000001fbad350000 0000000000000002
0x000000256e1fd800:   0000000200000101 0000000000000000
0x000000256e1fd810:   00007ffb52f79790 00000000000004b4
0x000000256e1fd820:   000000256e1fd988 000000256e1fd9b0
0x000000256e1fd830:   0000000000000002 ffffffffffffffff
0x000000256e1fd840:   0000043d524ddaf0 00004f6f63934879
0x000000256e1fd850:   00007ffabb471cf0 0000000000000017
0x000000256e1fd860:   000001fbad46a5a0 000000256e1fe910
0x000000256e1fd870:   000000000000000b 00007ffb42762655
0x000000256e1fd880:   0000000000000000 00007ffb52f2d061
0x000000256e1fd890:   0000000000000002 000000256e1fd910
0x000000256e1fd8a0:   61622e6176616a2f 692f6b646a2f6573 

Instructions: (pc=0x00007ffb42761be9)
0x00007ffb42761ae9:   48 85 c9 74 1d 80 3d 1b 45 00 00 00 74 06 48 8b
0x00007ffb42761af9:   53 18 eb 04 48 8b 53 40 e8 ae 0e 00 00 48 83 63
0x00007ffb42761b09:   48 00 8b 4b 0c 83 f9 ff 74 09 e8 e4 0c 00 00 83
0x00007ffb42761b19:   4b 0c ff 48 8b 4b 70 48 85 c9 74 0f ba 10 00 00
0x00007ffb42761b29:   00 e8 fd 0e 00 00 48 83 63 70 00 48 83 c4 20 5b
0x00007ffb42761b39:   c3 cc cc 40 53 48 83 ec 20 48 8b d9 48 8d 0d d4
0x00007ffb42761b49:   46 00 00 e8 b3 0c 00 00 83 6b 08 01 75 24 48 8b
0x00007ffb42761b59:   d3 48 8d 0d b7 44 00 00 e8 22 08 00 00 48 8b cb
0x00007ffb42761b69:   e8 de fe ff ff ba 78 00 00 00 48 8b cb e8 b1 0e
0x00007ffb42761b79:   00 00 48 8d 0d 9e 46 00 00 48 83 c4 20 5b e9 80
0x00007ffb42761b89:   0c 00 00 48 89 5c 24 08 48 89 74 24 10 57 48 83
0x00007ffb42761b99:   ec 20 41 8b f1 4d 8b c8 48 8b fa 4c 8b d9 4d 85
0x00007ffb42761ba9:   c0 74 78 85 f6 74 74 44 8a 12 48 8d 5a 01 48 8b
0x00007ffb42761bb9:   d3 b8 93 01 00 01 eb 12 69 c0 93 01 00 01 41 0f
0x00007ffb42761bc9:   b6 ca 44 8a 12 33 c1 48 ff c2 45 84 d2 75 e9 4d
0x00007ffb42761bd9:   8b 03 0f ba f0 1f 33 d2 49 8b cb f7 f6 48 63 c2
0x00007ffb42761be9:   41 8b 14 81 41 ff 50 08 85 c0 7e 24 8a 0f eb 10
0x00007ffb42761bf9:   69 c0 93 01 00 01 0f b6 c9 33 c1 8a 0b 48 ff c3
0x00007ffb42761c09:   84 c9 75 ec 0f ba f0 1f 33 d2 f7 f6 8b c2 eb 0e
0x00007ffb42761c19:   79 09 83 c9 ff 2b c8 8b c1 eb 03 83 c8 ff 48 8b
0x00007ffb42761c29:   5c 24 30 48 8b 74 24 38 48 83 c4 20 5f c3 cc 48
0x00007ffb42761c39:   89 5c 24 08 48 89 74 24 10 57 48 83 ec 20 48 8b
0x00007ffb42761c49:   f1 48 8d 0d cf 45 00 00 e8 ae 0b 00 00 33 ff 39
0x00007ffb42761c59:   3d ba 43 00 00 76 24 48 8b 05 b9 43 00 00 48 8b
0x00007ffb42761c69:   d6 48 8b 1c f8 48 8b 0b e8 64 1e 00 00 85 c0 74
0x00007ffb42761c79:   2b ff c7 3b 3d 96 43 00 00 72 dc 33 db 48 8d 0d
0x00007ffb42761c89:   93 45 00 00 e8 7a 0b 00 00 48 8b 74 24 38 48 8b
0x00007ffb42761c99:   c3 48 8b 5c 24 30 48 83 c4 20 5f c3 ff 43 08 eb
0x00007ffb42761ca9:   dc cc cc 48 89 5c 24 08 48 89 74 24 10 57 48 83
0x00007ffb42761cb9:   ec 20 48 8b d9 48 8b f2 48 8b 49 10 49 8b f8 8b
0x00007ffb42761cc9:   53 30 48 8b 01 ff 50 20 4c 8b 43 50 48 8b d6 48
0x00007ffb42761cd9:   8b 4b 10 44 8b c8 e8 a8 fe ff ff 83 f8 ff 74 38 



---------------  P R O C E S S  ---------------

VM state: not at safepoint (not fully initialized)

VM Mutex/Monitor currently owned by a thread: None

GC Precious Log:
<Not initialized>


Dynamic libraries:
0x00007ff636820000 - 0x00007ff636830000 	C:\Program Files\Java\jdk-18.0.2.1\bin\javaw.exe
0x00007ffb52f10000 - 0x00007ffb53124000 	C:\WINDOWS\SYSTEM32\ntdll.dll
0x00007ffb52800000 - 0x00007ffb528c2000 	C:\WINDOWS\System32\KERNEL32.DLL
0x00007ffb507d0000 - 0x00007ffb50b73000 	C:\WINDOWS\System32\KERNELBASE.dll
0x00007ffb50310000 - 0x00007ffb50421000 	C:\WINDOWS\System32\ucrtbase.dll
0x00007ffb42800000 - 0x00007ffb42818000 	C:\Program Files\Java\jdk-18.0.2.1\bin\jli.dll
0x00007ffb52750000 - 0x00007ffb527fe000 	C:\WINDOWS\System32\ADVAPI32.dll
0x00007ffb427e0000 - 0x00007ffb427fa000 	C:\Program Files\Java\jdk-18.0.2.1\bin\VCRUNTIME140.dll
0x00007ffb51690000 - 0x00007ffb51737000 	C:\WINDOWS\System32\msvcrt.dll
0x00007ffb50cf0000 - 0x00007ffb50d94000 	C:\WINDOWS\System32\sechost.dll
0x00007ffb51310000 - 0x00007ffb51427000 	C:\WINDOWS\System32\RPCRT4.dll
0x00007ffb514e0000 - 0x00007ffb5168b000 	C:\WINDOWS\System32\USER32.dll
0x00007ffb50c00000 - 0x00007ffb50c26000 	C:\WINDOWS\System32\win32u.dll
0x00007ffb51260000 - 0x00007ffb51289000 	C:\WINDOWS\System32\GDI32.dll
0x00007ffb50430000 - 0x00007ffb50549000 	C:\WINDOWS\System32\gdi32full.dll
0x00007ffb35280000 - 0x00007ffb3550e000 	C:\WINDOWS\WinSxS\amd64_microsoft.windows.common-controls_6595b64144ccf1df_6.0.22621.1635_none_270f70857386168e\COMCTL32.dll
0x00007ffb50730000 - 0x00007ffb507ca000 	C:\WINDOWS\System32\msvcp_win.dll
0x00007ffb476a0000 - 0x00007ffb476aa000 	C:\WINDOWS\SYSTEM32\VERSION.dll
0x00007ffb52c40000 - 0x00007ffb52c71000 	C:\WINDOWS\System32\IMM32.DLL
0x00007ffb4b960000 - 0x00007ffb4b96c000 	C:\Program Files\Java\jdk-18.0.2.1\bin\vcruntime140_1.dll
0x00007ffb2f250000 - 0x00007ffb2f2dd000 	C:\Program Files\Java\jdk-18.0.2.1\bin\msvcp140.dll
0x00007ffabab90000 - 0x00007ffabb7a1000 	C:\Program Files\Java\jdk-18.0.2.1\bin\server\jvm.dll
0x00007ffb52d00000 - 0x00007ffb52d08000 	C:\WINDOWS\System32\PSAPI.DLL
0x00007ffb2c080000 - 0x00007ffb2c089000 	C:\WINDOWS\SYSTEM32\WSOCK32.dll
0x00007ffb51f40000 - 0x00007ffb51fb1000 	C:\WINDOWS\System32\WS2_32.dll
0x00007ffb48740000 - 0x00007ffb48774000 	C:\WINDOWS\SYSTEM32\WINMM.dll
0x00007ffb4f360000 - 0x00007ffb4f378000 	C:\WINDOWS\SYSTEM32\kernel.appcore.dll
0x00007ffb42760000 - 0x00007ffb4276a000 	C:\Program Files\Java\jdk-18.0.2.1\bin\jimage.dll
0x00007ffb4df80000 - 0x00007ffb4e1ae000 	C:\WINDOWS\SYSTEM32\DBGHELP.DLL
0x00007ffb50ed0000 - 0x00007ffb51259000 	C:\WINDOWS\System32\combase.dll
0x00007ffb521f0000 - 0x00007ffb522c7000 	C:\WINDOWS\System32\OLEAUT32.dll
0x00007ffb3e030000 - 0x00007ffb3e062000 	C:\WINDOWS\SYSTEM32\dbgcore.DLL
0x00007ffb50b80000 - 0x00007ffb50bfb000 	C:\WINDOWS\System32\bcryptPrimitives.dll

dbghelp: loaded successfully - version: 4.0.5 - missing functions: none
symbol engine: initialization error.

VM Arguments:
java_command: <unknown>
java_class_path (initial): <not set>
Launcher Type: SUN_STANDARD

[Global flags]
     bool UseLargePagesIndividualAllocation        = false                                  {pd product} {ergonomic}

Logging:
Log output configuration:
 #0: stdout all=warning uptime,level,tags foldmultilines=false
 #1: stderr all=off uptime,level,tags foldmultilines=false

Environment Variables:
PATH=C:/Program Files/Java/jdk-18.0.2.1/bin/server;C:/Program Files/Java/jdk-18.0.2.1/bin;C:\Program Files\Common Files\Oracle\Java\javapath;C:\Windows\system32;C:\Windows;C:\Windows\System32\Wbem;C:\Windows\System32\WindowsPowerShell\v1.0\;C:\Windows\System32\OpenSSH\;C:\Program Files (x86)\NVIDIA Corporation\PhysX\Common;C:\Program Files\NVIDIA Corporation\NVIDIA NvDLISR;C:\Program Files\Git\cmd;C:\WINDOWS\system32;C:\WINDOWS;C:\WINDOWS\System32\Wbem;C:\WINDOWS\System32\WindowsPowerShell\v1.0\;C:\WINDOWS\System32\OpenSSH\;C:\Program Files\nodejs\;C:\Program Files\Microsoft VS Code\bin;C:\Users\bhush\AppData\Local\Microsoft\WindowsApps;C:\Users\bhush\AppData\Roaming\npm;C:\Users\bhush\Desktop;
USERNAME=bhush
OS=Windows_NT
PROCESSOR_IDENTIFIER=AMD64 Family 25 Model 80 Stepping 0, AuthenticAMD



---------------  S Y S T E M  ---------------

OS:
 Windows 11 , 64 bit Build 22621 (10.0.22621.1778)
OS uptime: 1 days 20:40 hours

CPU: total 12 (initial active 0) 

Memory: 4k page, system-wide physical 5996M (136M free)
TotalPageFile size 24428M (AvailPageFile size 6M)
current process WorkingSet (physical memory assigned to process): 7M, peak: 7M
current process commit charge ("private bytes"): 2M, peak: 2M

vm_info: Java HotSpot(TM) 64-Bit Server VM (18.0.2.1+1-1) for windows-amd64 JRE (18.0.2.1+1-1), built on Aug 16 2022 01:46:33 by "mach5one" with MS VC++ 16.8 / 16.9 (VS2019)

END.
