#
# A fatal error has been detected by the Java Runtime Environment:
#
#  EXCEPTION_ACCESS_VIOLATION (0xc0000005) at pc=0x00007ffa21f31be9, pid=26204, tid=27208
#
# JRE version:  (18.0.2.1+1) (build )
# Java VM: Java HotSpot(TM) 64-Bit Server VM (18.0.2.1+1-1, mixed mode, sharing, tiered, unknown gc, windows-amd64)
# Problematic frame:
# C  [jimage.dll+0x1be9]
#
# No core dump will be written. Minidumps are not enabled by default on client versions of Windows
#
#

---------------  S U M M A R Y ------------

Command Line: 

Host: AMD Ryzen 5 5600H with Radeon Graphics         , 12 cores, 5G,  Windows 11 , 64 bit Build 22621 (10.0.22621.1105)
Time: Wed Jun  7 15:16:26 2023 India Standard Time elapsed time: 0.024526 seconds (0d 0h 0m 0s)

---------------  T H R E A D  ---------------

Current thread is native thread

Stack: [0x0000005049700000,0x0000005049800000],  sp=0x00000050497fd720,  free space=1013k
Native frames: (J=compiled Java code, j=interpreted, Vv=VM code, C=native code)
C  [jimage.dll+0x1be9]
C  [jimage.dll+0x1d77]
C  [jimage.dll+0x2655]
V  [jvm.dll+0x20a36a]
V  [jvm.dll+0xbcfbe]
V  [jvm.dll+0x7a1b6c]
V  [jvm.dll+0x40dc3f]
V  [jvm.dll+0x40f611]
C  [jli.dll+0x526b]
C  [ucrtbase.dll+0x29363]
C  [KERNEL32.DLL+0x126bd]
C  [ntdll.dll+0x5dfb8]


siginfo: EXCEPTION_ACCESS_VIOLATION (0xc0000005), reading address 0x000000000001172c


Registers:
RAX=0x00000000000045c4, RBX=0x00000050497fd811, RCX=0x00007ffa21f36000, RDX=0x00000000000045c4
RSP=0x00000050497fd720, RBP=0x00000050497fd810, RSI=0x0000000000007239, RDI=0x00000050497fd810
R8 =0x00007ffa21f34288, R9 =0x000000000000001c, R10=0x00007ffa1e840000, R11=0x00007ffa21f36000
R12=0x0000000000000000, R13=0x00000050497ffc30, R14=0x00000050497fe880, R15=0x00007ff99c602628
RIP=0x00007ffa21f31be9, EFLAGS=0x0000000000010212

Top of Stack: (sp=0x00000050497fd720)
0x00000050497fd720:   00000241203e0b40 00000000d20002d0
0x00000050497fd730:   00000241203e0b58 00000241203e0b14
0x00000050497fd740:   0000024120469e00 00007ffa21f31d77
0x00000050497fd750:   000000000000000b 0000024120469e00
0x00000050497fd760:   00000000000006f5 00000000000006f5
0x00000050497fd770:   00000000000006f5 00007ffa27eb490a
0x00000050497fd780:   0000024120462fe0 00000241e10004e5
0x00000050497fd790:   0000024120460000 00000050000003ff
0x00000050497fd7a0:   00000000000006f5 0000024122750080
0x00000050497fd7b0:   00006d6db579e515 0000024120460150
0x00000050497fd7c0:   00007ff99c5e1cf0 0000000000000017
0x00000050497fd7d0:   0000024120469e00 00000050497fe880
0x00000050497fd7e0:   000000000000000b 00007ffa21f32655
0x00000050497fd7f0:   0000024120460000 00007ffae10004e5
0x00000050497fd800:   0000024122768fc0 00007ffa27eb684b
0x00000050497fd810:   61622e6176616a2f 692f6b646a2f6573 

Instructions: (pc=0x00007ffa21f31be9)
0x00007ffa21f31ae9:   48 85 c9 74 1d 80 3d 1b 45 00 00 00 74 06 48 8b
0x00007ffa21f31af9:   53 18 eb 04 48 8b 53 40 e8 ae 0e 00 00 48 83 63
0x00007ffa21f31b09:   48 00 8b 4b 0c 83 f9 ff 74 09 e8 e4 0c 00 00 83
0x00007ffa21f31b19:   4b 0c ff 48 8b 4b 70 48 85 c9 74 0f ba 10 00 00
0x00007ffa21f31b29:   00 e8 fd 0e 00 00 48 83 63 70 00 48 83 c4 20 5b
0x00007ffa21f31b39:   c3 cc cc 40 53 48 83 ec 20 48 8b d9 48 8d 0d d4
0x00007ffa21f31b49:   46 00 00 e8 b3 0c 00 00 83 6b 08 01 75 24 48 8b
0x00007ffa21f31b59:   d3 48 8d 0d b7 44 00 00 e8 22 08 00 00 48 8b cb
0x00007ffa21f31b69:   e8 de fe ff ff ba 78 00 00 00 48 8b cb e8 b1 0e
0x00007ffa21f31b79:   00 00 48 8d 0d 9e 46 00 00 48 83 c4 20 5b e9 80
0x00007ffa21f31b89:   0c 00 00 48 89 5c 24 08 48 89 74 24 10 57 48 83
0x00007ffa21f31b99:   ec 20 41 8b f1 4d 8b c8 48 8b fa 4c 8b d9 4d 85
0x00007ffa21f31ba9:   c0 74 78 85 f6 74 74 44 8a 12 48 8d 5a 01 48 8b
0x00007ffa21f31bb9:   d3 b8 93 01 00 01 eb 12 69 c0 93 01 00 01 41 0f
0x00007ffa21f31bc9:   b6 ca 44 8a 12 33 c1 48 ff c2 45 84 d2 75 e9 4d
0x00007ffa21f31bd9:   8b 03 0f ba f0 1f 33 d2 49 8b cb f7 f6 48 63 c2
0x00007ffa21f31be9:   41 8b 14 81 41 ff 50 08 85 c0 7e 24 8a 0f eb 10
0x00007ffa21f31bf9:   69 c0 93 01 00 01 0f b6 c9 33 c1 8a 0b 48 ff c3
0x00007ffa21f31c09:   84 c9 75 ec 0f ba f0 1f 33 d2 f7 f6 8b c2 eb 0e
0x00007ffa21f31c19:   79 09 83 c9 ff 2b c8 8b c1 eb 03 83 c8 ff 48 8b
0x00007ffa21f31c29:   5c 24 30 48 8b 74 24 38 48 83 c4 20 5f c3 cc 48
0x00007ffa21f31c39:   89 5c 24 08 48 89 74 24 10 57 48 83 ec 20 48 8b
0x00007ffa21f31c49:   f1 48 8d 0d cf 45 00 00 e8 ae 0b 00 00 33 ff 39
0x00007ffa21f31c59:   3d ba 43 00 00 76 24 48 8b 05 b9 43 00 00 48 8b
0x00007ffa21f31c69:   d6 48 8b 1c f8 48 8b 0b e8 64 1e 00 00 85 c0 74
0x00007ffa21f31c79:   2b ff c7 3b 3d 96 43 00 00 72 dc 33 db 48 8d 0d
0x00007ffa21f31c89:   93 45 00 00 e8 7a 0b 00 00 48 8b 74 24 38 48 8b
0x00007ffa21f31c99:   c3 48 8b 5c 24 30 48 83 c4 20 5f c3 ff 43 08 eb
0x00007ffa21f31ca9:   dc cc cc 48 89 5c 24 08 48 89 74 24 10 57 48 83
0x00007ffa21f31cb9:   ec 20 48 8b d9 48 8b f2 48 8b 49 10 49 8b f8 8b
0x00007ffa21f31cc9:   53 30 48 8b 01 ff 50 20 4c 8b 43 50 48 8b d6 48
0x00007ffa21f31cd9:   8b 4b 10 44 8b c8 e8 a8 fe ff ff 83 f8 ff 74 38 



---------------  P R O C E S S  ---------------

VM state: not at safepoint (not fully initialized)

VM Mutex/Monitor currently owned by a thread: None

GC Precious Log:
<Not initialized>


Dynamic libraries:
0x00007ff7c8300000 - 0x00007ff7c8310000 	C:\Program Files\Java\jdk-18.0.2.1\bin\javaw.exe
0x00007ffa27e70000 - 0x00007ffa28084000 	C:\WINDOWS\SYSTEM32\ntdll.dll
0x00007ffa26610000 - 0x00007ffa266d3000 	C:\WINDOWS\System32\KERNEL32.DLL
0x00007ffa254c0000 - 0x00007ffa2585d000 	C:\WINDOWS\System32\KERNELBASE.dll
0x00007ffa253a0000 - 0x00007ffa254b1000 	C:\WINDOWS\System32\ucrtbase.dll
0x00007ffa20410000 - 0x00007ffa20428000 	C:\Program Files\Java\jdk-18.0.2.1\bin\jli.dll
0x00007ffa25c70000 - 0x00007ffa25d1e000 	C:\WINDOWS\System32\ADVAPI32.dll
0x00007ffa261d0000 - 0x00007ffa26277000 	C:\WINDOWS\System32\msvcrt.dll
0x00007ffa26860000 - 0x00007ffa26904000 	C:\WINDOWS\System32\sechost.dll
0x00007ffa25d20000 - 0x00007ffa25e35000 	C:\WINDOWS\System32\RPCRT4.dll
0x00007ffa27820000 - 0x00007ffa279cd000 	C:\WINDOWS\System32\USER32.dll
0x00007ffa25a90000 - 0x00007ffa25ab6000 	C:\WINDOWS\System32\win32u.dll
0x00007ffa261a0000 - 0x00007ffa261c9000 	C:\WINDOWS\System32\GDI32.dll
0x00007ffa25ac0000 - 0x00007ffa25bd2000 	C:\WINDOWS\System32\gdi32full.dll
0x00007ffa25300000 - 0x00007ffa2539a000 	C:\WINDOWS\System32\msvcp_win.dll
0x00007ffa118e0000 - 0x00007ffa11b6e000 	C:\WINDOWS\WinSxS\amd64_microsoft.windows.common-controls_6595b64144ccf1df_6.0.22621.608_none_a9444ca7c10bb01d\COMCTL32.dll
0x00007ffa1e840000 - 0x00007ffa1e85a000 	C:\Program Files\Java\jdk-18.0.2.1\bin\VCRUNTIME140.dll
0x00007ffa1ef80000 - 0x00007ffa1ef8a000 	C:\WINDOWS\SYSTEM32\VERSION.dll
0x00007ffa266e0000 - 0x00007ffa26712000 	C:\WINDOWS\System32\IMM32.DLL
0x00007ffa21f40000 - 0x00007ffa21f4c000 	C:\Program Files\Java\jdk-18.0.2.1\bin\vcruntime140_1.dll
0x00007ffa178c0000 - 0x00007ffa1794d000 	C:\Program Files\Java\jdk-18.0.2.1\bin\msvcp140.dll
0x00007ff99bd00000 - 0x00007ff99c911000 	C:\Program Files\Java\jdk-18.0.2.1\bin\server\jvm.dll
0x00007ffa1feb0000 - 0x00007ffa1fee4000 	C:\WINDOWS\SYSTEM32\WINMM.dll
0x00007ff9fd0d0000 - 0x00007ff9fd0d9000 	C:\WINDOWS\SYSTEM32\WSOCK32.dll
0x00007ffa25fe0000 - 0x00007ffa25fe8000 	C:\WINDOWS\System32\PSAPI.DLL
0x00007ffa26120000 - 0x00007ffa26191000 	C:\WINDOWS\System32\ws2_32.DLL
0x00007ffa242e0000 - 0x00007ffa242f8000 	C:\WINDOWS\SYSTEM32\kernel.appcore.dll
0x00007ffa21f30000 - 0x00007ffa21f3a000 	C:\Program Files\Java\jdk-18.0.2.1\bin\jimage.dll
0x00007ffa22f20000 - 0x00007ffa2314e000 	C:\WINDOWS\SYSTEM32\DBGHELP.DLL
0x00007ffa26280000 - 0x00007ffa2660a000 	C:\WINDOWS\System32\combase.dll
0x00007ffa26040000 - 0x00007ffa26117000 	C:\WINDOWS\System32\OLEAUT32.dll
0x00007ffa20240000 - 0x00007ffa20272000 	C:\WINDOWS\SYSTEM32\dbgcore.DLL
0x00007ffa25be0000 - 0x00007ffa25c5b000 	C:\WINDOWS\System32\bcryptPrimitives.dll

dbghelp: loaded successfully - version: 4.0.5 - missing functions: none
symbol engine: initialized successfully - sym options: 0x614 - pdb path: .;C:\Program Files\Java\jdk-18.0.2.1\bin;C:\WINDOWS\SYSTEM32;C:\WINDOWS\WinSxS\amd64_microsoft.windows.common-controls_6595b64144ccf1df_6.0.22621.608_none_a9444ca7c10bb01d;C:\Program Files\Java\jdk-18.0.2.1\bin\server

VM Arguments:
java_command: <unknown>
java_class_path (initial): <not set>
Launcher Type: SUN_STANDARD

[Global flags]
     bool UseLargePagesIndividualAllocation        = false                                  {pd product} {ergonomic}

Logging:
Log output configuration:
 #0: stdout all=warning uptime,level,tags foldmultilines=false
 #1: stderr all=off uptime,level,tags foldmultilines=false

Environment Variables:
PATH=C:/Program Files/Java/jdk-18.0.2.1/bin/server;C:/Program Files/Java/jdk-18.0.2.1/bin;C:\Program Files\Common Files\Oracle\Java\javapath;C:\Windows\system32;C:\Windows;C:\Windows\System32\Wbem;C:\Windows\System32\WindowsPowerShell\v1.0\;C:\Windows\System32\OpenSSH\;C:\Program Files (x86)\NVIDIA Corporation\PhysX\Common;C:\Program Files\NVIDIA Corporation\NVIDIA NvDLISR;C:\Program Files\Git\cmd;C:\WINDOWS\system32;C:\WINDOWS;C:\WINDOWS\System32\Wbem;C:\WINDOWS\System32\WindowsPowerShell\v1.0\;C:\WINDOWS\System32\OpenSSH\;C:\Program Files\nodejs\;C:\Users\bhush\AppData\Local\Microsoft\WindowsApps;C:\Users\bhush\AppData\Roaming\npm;C:\Users\bhush\Desktop;
USERNAME=bhush
OS=Windows_NT
PROCESSOR_IDENTIFIER=AMD64 Family 25 Model 80 Stepping 0, AuthenticAMD



---------------  S Y S T E M  ---------------

OS:
 Windows 11 , 64 bit Build 22621 (10.0.22621.1105)
OS uptime: 0 days 3:45 hours

CPU: total 12 (initial active 0) 

Memory: 4k page, system-wide physical 5996M (354M free)
TotalPageFile size 24428M (AvailPageFile size 69M)
current process WorkingSet (physical memory assigned to process): 8M, peak: 8M
current process commit charge ("private bytes"): 3M, peak: 3M

vm_info: Java HotSpot(TM) 64-Bit Server VM (18.0.2.1+1-1) for windows-amd64 JRE (18.0.2.1+1-1), built on Aug 16 2022 01:46:33 by "mach5one" with MS VC++ 16.8 / 16.9 (VS2019)

END.
