#
# There is insufficient memory for the Java Runtime Environment to continue.
# Native memory allocation (malloc) failed to allocate 1048576 bytes for AllocateHeap
# Possible reasons:
#   The system is out of physical RAM or swap space
#   The process is running with CompressedOops enabled, and the Java Heap may be blocking the growth of the native heap
# Possible solutions:
#   Reduce memory load on the system
#   Increase physical memory or swap space
#   Check if swap backing store is full
#   Decrease Java heap size (-Xmx/-Xms)
#   Decrease number of Java threads
#   Decrease Java thread stack sizes (-Xss)
#   Set larger code cache with -XX:ReservedCodeCacheSize=
#   JVM is running with Unscaled Compressed Oops mode in which the Java heap is
#     placed in the first 4GB address space. The Java Heap base address is the
#     maximum limit for the native heap growth. Please use -XX:HeapBaseMinAddress
#     to set the Java Heap base and to place the Java Heap above 4GB virtual address.
# This output file may be truncated or incomplete.
#
#  Out of Memory Error (allocation.cpp:44), pid=14564, tid=14628
#
# JRE version:  (18.0.2.1+1) (build )
# Java VM: Java HotSpot(TM) 64-Bit Server VM (18.0.2.1+1-1, mixed mode, sharing, tiered, compressed oops, compressed class ptrs, g1 gc, windows-amd64)
# No core dump will be written. Minidumps are not enabled by default on client versions of Windows
#

---------------  S U M M A R Y ------------

Command Line: -Dfile.encoding=UTF-8 -XX:+ShowCodeDetailsInExceptionMessages poonamdemo.Functionproduct

Host: AMD Ryzen 5 5600H with Radeon Graphics         , 12 cores, 5G,  Windows 11 , 64 bit Build 22621 (10.0.22621.1105)
Time: Wed Jun  7 12:13:27 2023 India Standard Time elapsed time: 0.011534 seconds (0d 0h 0m 0s)

---------------  T H R E A D  ---------------

Current thread (0x000001a48caa9f80):  JavaThread "Unknown thread" [_thread_in_vm, id=14628, stack(0x00000018d2d00000,0x00000018d2e00000)]

Stack: [0x00000018d2d00000,0x00000018d2e00000]
Native frames: (J=compiled Java code, j=interpreted, Vv=VM code, C=native code)
V  [jvm.dll+0x6993aa]
V  [jvm.dll+0x7f46dd]
V  [jvm.dll+0x7f5fee]
V  [jvm.dll+0x7f66a3]
V  [jvm.dll+0x25cf1f]
V  [jvm.dll+0xb31af]
V  [jvm.dll+0x302c19]
V  [jvm.dll+0x2fb313]
V  [jvm.dll+0x7c3310]
V  [jvm.dll+0x38be61]
V  [jvm.dll+0x7a2023]
V  [jvm.dll+0x40dc3f]
V  [jvm.dll+0x40f611]
C  [jli.dll+0x526b]
C  [ucrtbase.dll+0x29363]
C  [KERNEL32.DLL+0x126bd]
C  [ntdll.dll+0x5dfb8]


---------------  P R O C E S S  ---------------

Threads class SMR info:
_java_thread_list=0x00007ff98e79e550, length=0, elements={
}

Java Threads: ( => current thread )

Other Threads:
  0x000001a48cafcd00 WorkerThread "GC Thread#0" [stack: 0x00000018d2e00000,0x00000018d2f00000] [id=21080]

[error occurred during error reporting (printing all threads), id 0xc0000005, EXCEPTION_ACCESS_VIOLATION (0xc0000005) at pc=0x00007ff98dfc7e40]

VM state: not at safepoint (not fully initialized)

VM Mutex/Monitor currently owned by a thread:  ([mutex/lock_event])
[0x000001a48caa7450] Heap_lock - owner thread: 0x000001a48caa9f80

Heap address: 0x00000000a2400000, size: 1500 MB, Compressed Oops mode: 32-bit

CDS archive(s) mapped at: [0x0000000000000000-0x0000000000000000-0x0000000000000000), size 0, SharedBaseAddress: 0x0000000800000000, ArchiveRelocationMode: 0.
Narrow klass base: 0x0000000000000000, Narrow klass shift: 0, Narrow klass range: 0x0

GC Precious Log:
 CardTable entry size: 512
 Card Set container configuration: InlinePtr #cards 5 size 8 Array Of Cards #cards 12 size 40 Howl #buckets 4 coarsen threshold 1843 Howl Bitmap #cards 512 size 80 coarsen threshold 460 Card regions per heap region 1 cards per card region 2048

Heap:
 garbage-first heap   total 0K, used 0K [0x00000000a2400000, 0x0000000100000000)
  region size 1024K, 0 young (0K), 0 survivors (0K)

[error occurred during error reporting (printing heap information), id 0xc0000005, EXCEPTION_ACCESS_VIOLATION (0xc0000005) at pc=0x00007ff98e3b1839]

GC Heap History (0 events):
No events

Deoptimization events (0 events):
No events

Classes loaded (0 events):
No events

Classes unloaded (0 events):
No events

Classes redefined (0 events):
No events

Internal exceptions (0 events):
No events

VM Operations (0 events):
No events

Events (1 events):
Event: 0.008 Loaded shared library C:\Program Files\Java\jdk-18.0.2.1\bin\java.dll


Dynamic libraries:
0x00007ff7f6450000 - 0x00007ff7f6460000 	C:\Program Files\Java\jdk-18.0.2.1\bin\javaw.exe
0x00007ffa27e70000 - 0x00007ffa28084000 	C:\WINDOWS\SYSTEM32\ntdll.dll
0x00007ffa26610000 - 0x00007ffa266d3000 	C:\WINDOWS\System32\KERNEL32.DLL
0x00007ffa254c0000 - 0x00007ffa2585d000 	C:\WINDOWS\System32\KERNELBASE.dll
0x00007ffa253a0000 - 0x00007ffa254b1000 	C:\WINDOWS\System32\ucrtbase.dll
0x00007ffa20290000 - 0x00007ffa202aa000 	C:\Program Files\Java\jdk-18.0.2.1\bin\VCRUNTIME140.dll
0x00007ffa202b0000 - 0x00007ffa202c8000 	C:\Program Files\Java\jdk-18.0.2.1\bin\jli.dll
0x00007ffa25c70000 - 0x00007ffa25d1e000 	C:\WINDOWS\System32\ADVAPI32.dll
0x00007ffa261d0000 - 0x00007ffa26277000 	C:\WINDOWS\System32\msvcrt.dll
0x00007ffa26860000 - 0x00007ffa26904000 	C:\WINDOWS\System32\sechost.dll
0x00007ffa25d20000 - 0x00007ffa25e35000 	C:\WINDOWS\System32\RPCRT4.dll
0x00007ffa27820000 - 0x00007ffa279cd000 	C:\WINDOWS\System32\USER32.dll
0x00007ffa25a90000 - 0x00007ffa25ab6000 	C:\WINDOWS\System32\win32u.dll
0x00007ffa118e0000 - 0x00007ffa11b6e000 	C:\WINDOWS\WinSxS\amd64_microsoft.windows.common-controls_6595b64144ccf1df_6.0.22621.608_none_a9444ca7c10bb01d\COMCTL32.dll
0x00007ffa261a0000 - 0x00007ffa261c9000 	C:\WINDOWS\System32\GDI32.dll
0x00007ffa25ac0000 - 0x00007ffa25bd2000 	C:\WINDOWS\System32\gdi32full.dll
0x00007ffa25300000 - 0x00007ffa2539a000 	C:\WINDOWS\System32\msvcp_win.dll
0x00007ffa1ef80000 - 0x00007ffa1ef8a000 	C:\WINDOWS\SYSTEM32\VERSION.dll
0x00007ffa266e0000 - 0x00007ffa26712000 	C:\WINDOWS\System32\IMM32.DLL
0x00007ffa21c30000 - 0x00007ffa21c3c000 	C:\Program Files\Java\jdk-18.0.2.1\bin\vcruntime140_1.dll
0x00007ffa02180000 - 0x00007ffa0220d000 	C:\Program Files\Java\jdk-18.0.2.1\bin\msvcp140.dll
0x00007ff98dcc0000 - 0x00007ff98e8d1000 	C:\Program Files\Java\jdk-18.0.2.1\bin\server\jvm.dll
0x00007ffa25fe0000 - 0x00007ffa25fe8000 	C:\WINDOWS\System32\PSAPI.DLL
0x00007ff9b11f0000 - 0x00007ff9b11f9000 	C:\WINDOWS\SYSTEM32\WSOCK32.dll
0x00007ffa1feb0000 - 0x00007ffa1fee4000 	C:\WINDOWS\SYSTEM32\WINMM.dll
0x00007ffa26120000 - 0x00007ffa26191000 	C:\WINDOWS\System32\WS2_32.dll
0x00007ffa242e0000 - 0x00007ffa242f8000 	C:\WINDOWS\SYSTEM32\kernel.appcore.dll
0x00007ffa1cb00000 - 0x00007ffa1cb0a000 	C:\Program Files\Java\jdk-18.0.2.1\bin\jimage.dll
0x00007ffa22f20000 - 0x00007ffa2314e000 	C:\WINDOWS\SYSTEM32\DBGHELP.DLL
0x00007ffa26280000 - 0x00007ffa2660a000 	C:\WINDOWS\System32\combase.dll
0x00007ffa26040000 - 0x00007ffa26117000 	C:\WINDOWS\System32\OLEAUT32.dll
0x00007ffa20240000 - 0x00007ffa20272000 	C:\WINDOWS\SYSTEM32\dbgcore.DLL
0x00007ffa25be0000 - 0x00007ffa25c5b000 	C:\WINDOWS\System32\bcryptPrimitives.dll
0x00007ffa1c9f0000 - 0x00007ffa1ca15000 	C:\Program Files\Java\jdk-18.0.2.1\bin\java.dll

dbghelp: loaded successfully - version: 4.0.5 - missing functions: none
symbol engine: initialized successfully - sym options: 0x614 - pdb path: .;C:\Program Files\Java\jdk-18.0.2.1\bin;C:\WINDOWS\SYSTEM32;C:\WINDOWS\WinSxS\amd64_microsoft.windows.common-controls_6595b64144ccf1df_6.0.22621.608_none_a9444ca7c10bb01d;C:\Program Files\Java\jdk-18.0.2.1\bin\server

VM Arguments:
jvm_args: -Dfile.encoding=UTF-8 -XX:+ShowCodeDetailsInExceptionMessages 
java_command: poonamdemo.Functionproduct
java_class_path (initial): C:\Users\bhush\eclipse-workspace\poonamdemo\bin
Launcher Type: SUN_STANDARD

[Global flags]
     intx CICompilerCount                          = 4                                         {product} {ergonomic}
     uint ConcGCThreads                            = 3                                         {product} {ergonomic}
     uint G1ConcRefinementThreads                  = 10                                        {product} {ergonomic}
   size_t G1HeapRegionSize                         = 1048576                                   {product} {ergonomic}
    uintx GCDrainStackTargetSize                   = 64                                        {product} {ergonomic}
   size_t InitialHeapSize                          = 98566144                                  {product} {ergonomic}
   size_t MarkStackSize                            = 4194304                                   {product} {ergonomic}
   size_t MaxHeapSize                              = 1572864000                                {product} {ergonomic}
   size_t MinHeapDeltaBytes                        = 1048576                                   {product} {ergonomic}
   size_t MinHeapSize                              = 8388608                                   {product} {ergonomic}
    uintx NonNMethodCodeHeapSize                   = 5839372                                {pd product} {ergonomic}
    uintx NonProfiledCodeHeapSize                  = 122909434                              {pd product} {ergonomic}
    uintx ProfiledCodeHeapSize                     = 122909434                              {pd product} {ergonomic}
    uintx ReservedCodeCacheSize                    = 251658240                              {pd product} {ergonomic}
     bool SegmentedCodeCache                       = true                                      {product} {ergonomic}
     bool ShowCodeDetailsInExceptionMessages       = true                                   {manageable} {command line}
   size_t SoftMaxHeapSize                          = 1572864000                             {manageable} {ergonomic}
     bool UseCompressedClassPointers               = true                           {product lp64_product} {ergonomic}
     bool UseCompressedOops                        = true                           {product lp64_product} {ergonomic}
     bool UseG1GC                                  = true                                      {product} {ergonomic}
     bool UseLargePagesIndividualAllocation        = false                                  {pd product} {ergonomic}

Logging:
Log output configuration:
 #0: stdout all=warning uptime,level,tags foldmultilines=false
 #1: stderr all=off uptime,level,tags foldmultilines=false

Environment Variables:
PATH=C:/Program Files/Java/jdk-18.0.2.1/bin/server;C:/Program Files/Java/jdk-18.0.2.1/bin;C:\Program Files\Common Files\Oracle\Java\javapath;C:\Windows\system32;C:\Windows;C:\Windows\System32\Wbem;C:\Windows\System32\WindowsPowerShell\v1.0\;C:\Windows\System32\OpenSSH\;C:\Program Files (x86)\NVIDIA Corporation\PhysX\Common;C:\Program Files\NVIDIA Corporation\NVIDIA NvDLISR;C:\Program Files\Git\cmd;C:\WINDOWS\system32;C:\WINDOWS;C:\WINDOWS\System32\Wbem;C:\WINDOWS\System32\WindowsPowerShell\v1.0\;C:\WINDOWS\System32\OpenSSH\;C:\Program Files\nodejs\;C:\Users\bhush\AppData\Local\Microsoft\WindowsApps;C:\Users\bhush\AppData\Roaming\npm;C:\Users\bhush\Desktop;
USERNAME=bhush
OS=Windows_NT
PROCESSOR_IDENTIFIER=AMD64 Family 25 Model 80 Stepping 0, AuthenticAMD



---------------  S Y S T E M  ---------------

OS:
 Windows 11 , 64 bit Build 22621 (10.0.22621.1105)
OS uptime: 0 days 0:42 hours

CPU: total 12 (initial active 12) (12 cores per cpu, 2 threads per core) family 25 model 80 stepping 0 microcode 0x0, cx8, cmov, fxsr, ht, mmx, 3dnowpref, sse, sse2, sse3, ssse3, sse4a, sse4.1, sse4.2, popcnt, lzcnt, tsc, tscinvbit, avx, avx2, aes, erms, clmul, bmi1, bmi2, adx, sha, fma, vzeroupper, clflush, clflushopt

Memory: 4k page, system-wide physical 5996M (682M free)
TotalPageFile size 24428M (AvailPageFile size 69M)
current process WorkingSet (physical memory assigned to process): 11M, peak: 11M
current process commit charge ("private bytes"): 60M, peak: 61M

vm_info: Java HotSpot(TM) 64-Bit Server VM (18.0.2.1+1-1) for windows-amd64 JRE (18.0.2.1+1-1), built on Aug 16 2022 01:46:33 by "mach5one" with MS VC++ 16.8 / 16.9 (VS2019)

END.
