#
# There is insufficient memory for the Java Runtime Environment to continue.
# Native memory allocation (mmap) failed to map 65536 bytes for Failed to commit metaspace.
# Possible reasons:
#   The system is out of physical RAM or swap space
#   The process is running with CompressedOops enabled, and the Java Heap may be blocking the growth of the native heap
# Possible solutions:
#   Reduce memory load on the system
#   Increase physical memory or swap space
#   Check if swap backing store is full
#   Decrease Java heap size (-Xmx/-Xms)
#   Decrease number of Java threads
#   Decrease Java thread stack sizes (-Xss)
#   Set larger code cache with -XX:ReservedCodeCacheSize=
#   JVM is running with Unscaled Compressed Oops mode in which the Java heap is
#     placed in the first 4GB address space. The Java Heap base address is the
#     maximum limit for the native heap growth. Please use -XX:HeapBaseMinAddress
#     to set the Java Heap base and to place the Java Heap above 4GB virtual address.
# This output file may be truncated or incomplete.
#
#  Out of Memory Error (virtualSpaceNode.cpp:110), pid=31800, tid=2100
#
# JRE version: Java(TM) SE Runtime Environment (18.0.2.1+1) (build 18.0.2.1+1-1)
# Java VM: Java HotSpot(TM) 64-Bit Server VM (18.0.2.1+1-1, mixed mode, sharing, tiered, compressed oops, compressed class ptrs, g1 gc, windows-amd64)
# No core dump will be written. Minidumps are not enabled by default on client versions of Windows
#

---------------  S U M M A R Y ------------

Command Line: -Dfile.encoding=UTF-8 -XX:+ShowCodeDetailsInExceptionMessages harrystutorialcode.Packages_in_Java

Host: AMD Ryzen 5 5600H with Radeon Graphics         , 12 cores, 5G,  Windows 11 , 64 bit Build 22621 (10.0.22621.1778)
Time: Fri Jun 30 11:40:28 2023 India Standard Time elapsed time: 0.275534 seconds (0d 0h 0m 0s)

---------------  T H R E A D  ---------------

Current thread (0x000002758f69aa80):  JavaThread "main" [_thread_in_vm, id=2100, stack(0x000000de20100000,0x000000de20200000)]

Stack: [0x000000de20100000,0x000000de20200000]
Native frames: (J=compiled Java code, j=interpreted, Vv=VM code, C=native code)
V  [jvm.dll+0x6993aa]
V  [jvm.dll+0x7f46dd]
V  [jvm.dll+0x7f5fee]
V  [jvm.dll+0x7f66a3]
V  [jvm.dll+0x25cf1f]
V  [jvm.dll+0x7f03eb]
V  [jvm.dll+0x63f526]
V  [jvm.dll+0x63f58a]
V  [jvm.dll+0x641e0e]
V  [jvm.dll+0x641cce]
V  [jvm.dll+0x63feee]
V  [jvm.dll+0x6513f9]
V  [jvm.dll+0x64a7e4]
V  [jvm.dll+0x3a1c01]
C  0x00000275987fc727

Java frames: (J=compiled Java code, j=interpreted, Vv=VM code)
j  java.util.stream.IntPipeline.adapt(Ljava/util/Spliterator;)Ljava/util/Spliterator$OfInt;+0 java.base@18.0.2.1
j  java.util.stream.IntPipeline.forEachWithCancel(Ljava/util/Spliterator;Ljava/util/stream/Sink;)Z+1 java.base@18.0.2.1
j  java.util.stream.AbstractPipeline.copyIntoWithCancel(Ljava/util/stream/Sink;Ljava/util/Spliterator;)Z+32 java.base@18.0.2.1
j  java.util.stream.AbstractPipeline.copyInto(Ljava/util/stream/Sink;Ljava/util/Spliterator;)V+49 java.base@18.0.2.1
j  java.util.stream.AbstractPipeline.wrapAndCopyInto(Ljava/util/stream/Sink;Ljava/util/Spliterator;)Ljava/util/stream/Sink;+13 java.base@18.0.2.1
j  java.util.stream.FindOps$FindOp.evaluateSequential(Ljava/util/stream/PipelineHelper;Ljava/util/Spliterator;)Ljava/lang/Object;+14 java.base@18.0.2.1
j  java.util.stream.AbstractPipeline.evaluate(Ljava/util/stream/TerminalOp;)Ljava/lang/Object;+88 java.base@18.0.2.1
j  java.util.stream.IntPipeline.findFirst()Ljava/util/OptionalInt;+5 java.base@18.0.2.1
j  java.text.DecimalFormatSymbols.findNonFormatChar(Ljava/lang/String;C)C+14 java.base@18.0.2.1
j  java.text.DecimalFormatSymbols.initialize(Ljava/util/Locale;)V+112 java.base@18.0.2.1
j  java.text.DecimalFormatSymbols.<init>(Ljava/util/Locale;)V+11 java.base@18.0.2.1
j  sun.util.locale.provider.DecimalFormatSymbolsProviderImpl.getInstance(Ljava/util/Locale;)Ljava/text/DecimalFormatSymbols;+17 java.base@18.0.2.1
j  java.text.DecimalFormatSymbols.getInstance(Ljava/util/Locale;)Ljava/text/DecimalFormatSymbols;+14 java.base@18.0.2.1
j  sun.util.locale.provider.NumberFormatProviderImpl.getInstance(Ljava/util/Locale;I)Ljava/text/NumberFormat;+51 java.base@18.0.2.1
j  sun.util.locale.provider.NumberFormatProviderImpl.getNumberInstance(Ljava/util/Locale;)Ljava/text/NumberFormat;+3 java.base@18.0.2.1
j  java.text.NumberFormat.getInstance(Lsun/util/locale/provider/LocaleProviderAdapter;Ljava/util/Locale;Ljava/text/NumberFormat$Style;I)Ljava/text/NumberFormat;+47 java.base@18.0.2.1
j  java.text.NumberFormat.getInstance(Ljava/util/Locale;Ljava/text/NumberFormat$Style;I)Ljava/text/NumberFormat;+11 java.base@18.0.2.1
j  java.text.NumberFormat.getNumberInstance(Ljava/util/Locale;)Ljava/text/NumberFormat;+3 java.base@18.0.2.1
j  java.util.Scanner.useLocale(Ljava/util/Locale;)Ljava/util/Scanner;+31 java.base@18.0.2.1
j  java.util.Scanner.<init>(Ljava/lang/Readable;Ljava/util/regex/Pattern;)V+243 java.base@18.0.2.1
j  java.util.Scanner.<init>(Ljava/io/InputStream;)V+12 java.base@18.0.2.1
j  harrystutorialcode.Packages_in_Java.main([Ljava/lang/String;)V+7
v  ~StubRoutines::call_stub

---------------  P R O C E S S  ---------------

Threads class SMR info:
_java_thread_list=0x00000275b2c678a0, length=12, elements={
0x000002758f69aa80, 0x00000275ae8743d0, 0x00000275ae875510, 0x00000275ae888690,
0x00000275ae88f450, 0x00000275ae88fdf0, 0x00000275ae8947a0, 0x00000275ae895470,
0x00000275ae899cc0, 0x00000275ae89ad50, 0x00000275b2c8ab60, 0x00000275b2c8f6c0
}

Java Threads: ( => current thread )
=>0x000002758f69aa80 JavaThread "main" [_thread_in_vm, id=2100, stack(0x000000de20100000,0x000000de20200000)]
  0x00000275ae8743d0 JavaThread "Reference Handler" daemon [_thread_blocked, id=26536, stack(0x000000de20800000,0x000000de20900000)]
  0x00000275ae875510 JavaThread "Finalizer" daemon [_thread_blocked, id=24032, stack(0x000000de20900000,0x000000de20a00000)]
  0x00000275ae888690 JavaThread "Signal Dispatcher" daemon [_thread_blocked, id=30412, stack(0x000000de20a00000,0x000000de20b00000)]
  0x00000275ae88f450 JavaThread "Attach Listener" daemon [_thread_blocked, id=30404, stack(0x000000de20b00000,0x000000de20c00000)]
  0x00000275ae88fdf0 JavaThread "Service Thread" daemon [_thread_blocked, id=10228, stack(0x000000de20c00000,0x000000de20d00000)]
  0x00000275ae8947a0 JavaThread "Monitor Deflation Thread" daemon [_thread_blocked, id=30664, stack(0x000000de20d00000,0x000000de20e00000)]
  0x00000275ae895470 JavaThread "C2 CompilerThread0" daemon [_thread_blocked, id=25180, stack(0x000000de20e00000,0x000000de20f00000)]
  0x00000275ae899cc0 JavaThread "C1 CompilerThread0" daemon [_thread_blocked, id=18124, stack(0x000000de20f00000,0x000000de21000000)]
  0x00000275ae89ad50 JavaThread "Sweeper thread" daemon [_thread_blocked, id=21180, stack(0x000000de21000000,0x000000de21100000)]
  0x00000275b2c8ab60 JavaThread "Notification Thread" daemon [_thread_blocked, id=30996, stack(0x000000de21100000,0x000000de21200000)]
  0x00000275b2c8f6c0 JavaThread "Common-Cleaner" daemon [_thread_blocked, id=6900, stack(0x000000de21300000,0x000000de21400000)]

Other Threads:
  0x00000275ae86d3b0 VMThread "VM Thread" [stack: 0x000000de20700000,0x000000de20800000] [id=15536]
  0x00000275b2c8b430 WatcherThread "VM Periodic Task Thread" [stack: 0x000000de21200000,0x000000de21300000] [id=30852]
  0x000002758f6ed1e0 WorkerThread "GC Thread#0" [stack: 0x000000de20200000,0x000000de20300000] [id=25528]
  0x000002758f6f9c90 ConcurrentGCThread "G1 Main Marker" [stack: 0x000000de20300000,0x000000de20400000] [id=1600]
  0x000002758f6fa680 WorkerThread "G1 Conc#0" [stack: 0x000000de20400000,0x000000de20500000] [id=23960]
  0x000002758f746f40 ConcurrentGCThread "G1 Refine#0" [stack: 0x000000de20500000,0x000000de20600000] [id=26108]
  0x000002758f748700 ConcurrentGCThread "G1 Service" [stack: 0x000000de20600000,0x000000de20700000] [id=25140]

Threads with active compile tasks:

VM state: not at safepoint (normal execution)

VM Mutex/Monitor currently owned by a thread:  ([mutex/lock_event])
[0x000002758f694f90] Metaspace_lock - owner thread: 0x000002758f69aa80

Heap address: 0x00000000a2400000, size: 1500 MB, Compressed Oops mode: 32-bit

CDS archive(s) mapped at: [0x0000000800000000-0x0000000800ba0000-0x0000000800ba0000), size 12189696, SharedBaseAddress: 0x0000000800000000, ArchiveRelocationMode: 0.
Compressed class space mapped at: 0x0000000800c00000-0x0000000840c00000, reserved size: 1073741824
Narrow klass base: 0x0000000800000000, Narrow klass shift: 0, Narrow klass range: 0x100000000

GC Precious Log:
 CardTable entry size: 512
 Card Set container configuration: InlinePtr #cards 5 size 8 Array Of Cards #cards 12 size 40 Howl #buckets 4 coarsen threshold 1843 Howl Bitmap #cards 512 size 80 coarsen threshold 460 Card regions per heap region 1 cards per card region 2048
 CPUs: 12 total, 12 available
 Memory: 5996M
 Large Page Support: Disabled
 NUMA Support: Disabled
 Compressed Oops: Enabled (32-bit)
 Heap Region Size: 1M
 Heap Min Capacity: 8M
 Heap Initial Capacity: 94M
 Heap Max Capacity: 1500M
 Pre-touch: Disabled
 Parallel Workers: 10
 Concurrent Workers: 3
 Concurrent Refinement Workers: 10
 Periodic GC: Disabled

Heap:
 garbage-first heap   total 96256K, used 1024K [0x00000000a2400000, 0x0000000100000000)
  region size 1024K, 2 young (2048K), 0 survivors (0K)
 Metaspace       used 423K, committed 576K, reserved 1114112K
  class space    used 25K, committed 128K, reserved 1048576K

Heap Regions: E=young(eden), S=young(survivor), O=old, HS=humongous(starts), HC=humongous(continues), CS=collection set, F=free, OA=open archive, CA=closed archive, TAMS=top-at-mark-start (previous, next)
|   0|0x00000000a2400000, 0x00000000a2400000, 0x00000000a2500000|  0%| F|  |TAMS 0x00000000a2400000, 0x00000000a2400000| Untracked 
|   1|0x00000000a2500000, 0x00000000a2500000, 0x00000000a2600000|  0%| F|  |TAMS 0x00000000a2500000, 0x00000000a2500000| Untracked 
|   2|0x00000000a2600000, 0x00000000a2600000, 0x00000000a2700000|  0%| F|  |TAMS 0x00000000a2600000, 0x00000000a2600000| Untracked 
|   3|0x00000000a2700000, 0x00000000a2700000, 0x00000000a2800000|  0%| F|  |TAMS 0x00000000a2700000, 0x00000000a2700000| Untracked 
|   4|0x00000000a2800000, 0x00000000a2800000, 0x00000000a2900000|  0%| F|  |TAMS 0x00000000a2800000, 0x00000000a2800000| Untracked 
|   5|0x00000000a2900000, 0x00000000a2900000, 0x00000000a2a00000|  0%| F|  |TAMS 0x00000000a2900000, 0x00000000a2900000| Untracked 
|   6|0x00000000a2a00000, 0x00000000a2a00000, 0x00000000a2b00000|  0%| F|  |TAMS 0x00000000a2a00000, 0x00000000a2a00000| Untracked 
|   7|0x00000000a2b00000, 0x00000000a2b00000, 0x00000000a2c00000|  0%| F|  |TAMS 0x00000000a2b00000, 0x00000000a2b00000| Untracked 
|   8|0x00000000a2c00000, 0x00000000a2c00000, 0x00000000a2d00000|  0%| F|  |TAMS 0x00000000a2c00000, 0x00000000a2c00000| Untracked 
|   9|0x00000000a2d00000, 0x00000000a2d00000, 0x00000000a2e00000|  0%| F|  |TAMS 0x00000000a2d00000, 0x00000000a2d00000| Untracked 
|  10|0x00000000a2e00000, 0x00000000a2e00000, 0x00000000a2f00000|  0%| F|  |TAMS 0x00000000a2e00000, 0x00000000a2e00000| Untracked 
|  11|0x00000000a2f00000, 0x00000000a2f00000, 0x00000000a3000000|  0%| F|  |TAMS 0x00000000a2f00000, 0x00000000a2f00000| Untracked 
|  12|0x00000000a3000000, 0x00000000a3000000, 0x00000000a3100000|  0%| F|  |TAMS 0x00000000a3000000, 0x00000000a3000000| Untracked 
|  13|0x00000000a3100000, 0x00000000a3100000, 0x00000000a3200000|  0%| F|  |TAMS 0x00000000a3100000, 0x00000000a3100000| Untracked 
|  14|0x00000000a3200000, 0x00000000a3200000, 0x00000000a3300000|  0%| F|  |TAMS 0x00000000a3200000, 0x00000000a3200000| Untracked 
|  15|0x00000000a3300000, 0x00000000a3300000, 0x00000000a3400000|  0%| F|  |TAMS 0x00000000a3300000, 0x00000000a3300000| Untracked 
|  16|0x00000000a3400000, 0x00000000a3400000, 0x00000000a3500000|  0%| F|  |TAMS 0x00000000a3400000, 0x00000000a3400000| Untracked 
|  17|0x00000000a3500000, 0x00000000a3500000, 0x00000000a3600000|  0%| F|  |TAMS 0x00000000a3500000, 0x00000000a3500000| Untracked 
|  18|0x00000000a3600000, 0x00000000a3600000, 0x00000000a3700000|  0%| F|  |TAMS 0x00000000a3600000, 0x00000000a3600000| Untracked 
|  19|0x00000000a3700000, 0x00000000a3700000, 0x00000000a3800000|  0%| F|  |TAMS 0x00000000a3700000, 0x00000000a3700000| Untracked 
|  20|0x00000000a3800000, 0x00000000a3800000, 0x00000000a3900000|  0%| F|  |TAMS 0x00000000a3800000, 0x00000000a3800000| Untracked 
|  21|0x00000000a3900000, 0x00000000a3900000, 0x00000000a3a00000|  0%| F|  |TAMS 0x00000000a3900000, 0x00000000a3900000| Untracked 
|  22|0x00000000a3a00000, 0x00000000a3a00000, 0x00000000a3b00000|  0%| F|  |TAMS 0x00000000a3a00000, 0x00000000a3a00000| Untracked 
|  23|0x00000000a3b00000, 0x00000000a3b00000, 0x00000000a3c00000|  0%| F|  |TAMS 0x00000000a3b00000, 0x00000000a3b00000| Untracked 
|  24|0x00000000a3c00000, 0x00000000a3c00000, 0x00000000a3d00000|  0%| F|  |TAMS 0x00000000a3c00000, 0x00000000a3c00000| Untracked 
|  25|0x00000000a3d00000, 0x00000000a3d00000, 0x00000000a3e00000|  0%| F|  |TAMS 0x00000000a3d00000, 0x00000000a3d00000| Untracked 
|  26|0x00000000a3e00000, 0x00000000a3e00000, 0x00000000a3f00000|  0%| F|  |TAMS 0x00000000a3e00000, 0x00000000a3e00000| Untracked 
|  27|0x00000000a3f00000, 0x00000000a3f00000, 0x00000000a4000000|  0%| F|  |TAMS 0x00000000a3f00000, 0x00000000a3f00000| Untracked 
|  28|0x00000000a4000000, 0x00000000a4000000, 0x00000000a4100000|  0%| F|  |TAMS 0x00000000a4000000, 0x00000000a4000000| Untracked 
|  29|0x00000000a4100000, 0x00000000a4100000, 0x00000000a4200000|  0%| F|  |TAMS 0x00000000a4100000, 0x00000000a4100000| Untracked 
|  30|0x00000000a4200000, 0x00000000a4200000, 0x00000000a4300000|  0%| F|  |TAMS 0x00000000a4200000, 0x00000000a4200000| Untracked 
|  31|0x00000000a4300000, 0x00000000a4300000, 0x00000000a4400000|  0%| F|  |TAMS 0x00000000a4300000, 0x00000000a4300000| Untracked 
|  32|0x00000000a4400000, 0x00000000a4400000, 0x00000000a4500000|  0%| F|  |TAMS 0x00000000a4400000, 0x00000000a4400000| Untracked 
|  33|0x00000000a4500000, 0x00000000a4500000, 0x00000000a4600000|  0%| F|  |TAMS 0x00000000a4500000, 0x00000000a4500000| Untracked 
|  34|0x00000000a4600000, 0x00000000a4600000, 0x00000000a4700000|  0%| F|  |TAMS 0x00000000a4600000, 0x00000000a4600000| Untracked 
|  35|0x00000000a4700000, 0x00000000a4700000, 0x00000000a4800000|  0%| F|  |TAMS 0x00000000a4700000, 0x00000000a4700000| Untracked 
|  36|0x00000000a4800000, 0x00000000a4800000, 0x00000000a4900000|  0%| F|  |TAMS 0x00000000a4800000, 0x00000000a4800000| Untracked 
|  37|0x00000000a4900000, 0x00000000a4900000, 0x00000000a4a00000|  0%| F|  |TAMS 0x00000000a4900000, 0x00000000a4900000| Untracked 
|  38|0x00000000a4a00000, 0x00000000a4a00000, 0x00000000a4b00000|  0%| F|  |TAMS 0x00000000a4a00000, 0x00000000a4a00000| Untracked 
|  39|0x00000000a4b00000, 0x00000000a4b00000, 0x00000000a4c00000|  0%| F|  |TAMS 0x00000000a4b00000, 0x00000000a4b00000| Untracked 
|  40|0x00000000a4c00000, 0x00000000a4c00000, 0x00000000a4d00000|  0%| F|  |TAMS 0x00000000a4c00000, 0x00000000a4c00000| Untracked 
|  41|0x00000000a4d00000, 0x00000000a4d00000, 0x00000000a4e00000|  0%| F|  |TAMS 0x00000000a4d00000, 0x00000000a4d00000| Untracked 
|  42|0x00000000a4e00000, 0x00000000a4e00000, 0x00000000a4f00000|  0%| F|  |TAMS 0x00000000a4e00000, 0x00000000a4e00000| Untracked 
|  43|0x00000000a4f00000, 0x00000000a4f00000, 0x00000000a5000000|  0%| F|  |TAMS 0x00000000a4f00000, 0x00000000a4f00000| Untracked 
|  44|0x00000000a5000000, 0x00000000a5000000, 0x00000000a5100000|  0%| F|  |TAMS 0x00000000a5000000, 0x00000000a5000000| Untracked 
|  45|0x00000000a5100000, 0x00000000a5100000, 0x00000000a5200000|  0%| F|  |TAMS 0x00000000a5100000, 0x00000000a5100000| Untracked 
|  46|0x00000000a5200000, 0x00000000a5200000, 0x00000000a5300000|  0%| F|  |TAMS 0x00000000a5200000, 0x00000000a5200000| Untracked 
|  47|0x00000000a5300000, 0x00000000a5300000, 0x00000000a5400000|  0%| F|  |TAMS 0x00000000a5300000, 0x00000000a5300000| Untracked 
|  48|0x00000000a5400000, 0x00000000a5400000, 0x00000000a5500000|  0%| F|  |TAMS 0x00000000a5400000, 0x00000000a5400000| Untracked 
|  49|0x00000000a5500000, 0x00000000a5500000, 0x00000000a5600000|  0%| F|  |TAMS 0x00000000a5500000, 0x00000000a5500000| Untracked 
|  50|0x00000000a5600000, 0x00000000a5600000, 0x00000000a5700000|  0%| F|  |TAMS 0x00000000a5600000, 0x00000000a5600000| Untracked 
|  51|0x00000000a5700000, 0x00000000a5700000, 0x00000000a5800000|  0%| F|  |TAMS 0x00000000a5700000, 0x00000000a5700000| Untracked 
|  52|0x00000000a5800000, 0x00000000a5800000, 0x00000000a5900000|  0%| F|  |TAMS 0x00000000a5800000, 0x00000000a5800000| Untracked 
|  53|0x00000000a5900000, 0x00000000a5900000, 0x00000000a5a00000|  0%| F|  |TAMS 0x00000000a5900000, 0x00000000a5900000| Untracked 
|  54|0x00000000a5a00000, 0x00000000a5a00000, 0x00000000a5b00000|  0%| F|  |TAMS 0x00000000a5a00000, 0x00000000a5a00000| Untracked 
|  55|0x00000000a5b00000, 0x00000000a5b00000, 0x00000000a5c00000|  0%| F|  |TAMS 0x00000000a5b00000, 0x00000000a5b00000| Untracked 
|  56|0x00000000a5c00000, 0x00000000a5c00000, 0x00000000a5d00000|  0%| F|  |TAMS 0x00000000a5c00000, 0x00000000a5c00000| Untracked 
|  57|0x00000000a5d00000, 0x00000000a5d00000, 0x00000000a5e00000|  0%| F|  |TAMS 0x00000000a5d00000, 0x00000000a5d00000| Untracked 
|  58|0x00000000a5e00000, 0x00000000a5e00000, 0x00000000a5f00000|  0%| F|  |TAMS 0x00000000a5e00000, 0x00000000a5e00000| Untracked 
|  59|0x00000000a5f00000, 0x00000000a5f00000, 0x00000000a6000000|  0%| F|  |TAMS 0x00000000a5f00000, 0x00000000a5f00000| Untracked 
|  60|0x00000000a6000000, 0x00000000a6000000, 0x00000000a6100000|  0%| F|  |TAMS 0x00000000a6000000, 0x00000000a6000000| Untracked 
|  61|0x00000000a6100000, 0x00000000a6100000, 0x00000000a6200000|  0%| F|  |TAMS 0x00000000a6100000, 0x00000000a6100000| Untracked 
|  62|0x00000000a6200000, 0x00000000a6200000, 0x00000000a6300000|  0%| F|  |TAMS 0x00000000a6200000, 0x00000000a6200000| Untracked 
|  63|0x00000000a6300000, 0x00000000a6300000, 0x00000000a6400000|  0%| F|  |TAMS 0x00000000a6300000, 0x00000000a6300000| Untracked 
|  64|0x00000000a6400000, 0x00000000a6400000, 0x00000000a6500000|  0%| F|  |TAMS 0x00000000a6400000, 0x00000000a6400000| Untracked 
|  65|0x00000000a6500000, 0x00000000a6500000, 0x00000000a6600000|  0%| F|  |TAMS 0x00000000a6500000, 0x00000000a6500000| Untracked 
|  66|0x00000000a6600000, 0x00000000a6600000, 0x00000000a6700000|  0%| F|  |TAMS 0x00000000a6600000, 0x00000000a6600000| Untracked 
|  67|0x00000000a6700000, 0x00000000a6700000, 0x00000000a6800000|  0%| F|  |TAMS 0x00000000a6700000, 0x00000000a6700000| Untracked 
|  68|0x00000000a6800000, 0x00000000a6800000, 0x00000000a6900000|  0%| F|  |TAMS 0x00000000a6800000, 0x00000000a6800000| Untracked 
|  69|0x00000000a6900000, 0x00000000a6900000, 0x00000000a6a00000|  0%| F|  |TAMS 0x00000000a6900000, 0x00000000a6900000| Untracked 
|  70|0x00000000a6a00000, 0x00000000a6a00000, 0x00000000a6b00000|  0%| F|  |TAMS 0x00000000a6a00000, 0x00000000a6a00000| Untracked 
|  71|0x00000000a6b00000, 0x00000000a6b00000, 0x00000000a6c00000|  0%| F|  |TAMS 0x00000000a6b00000, 0x00000000a6b00000| Untracked 
|  72|0x00000000a6c00000, 0x00000000a6c00000, 0x00000000a6d00000|  0%| F|  |TAMS 0x00000000a6c00000, 0x00000000a6c00000| Untracked 
|  73|0x00000000a6d00000, 0x00000000a6d00000, 0x00000000a6e00000|  0%| F|  |TAMS 0x00000000a6d00000, 0x00000000a6d00000| Untracked 
|  74|0x00000000a6e00000, 0x00000000a6e00000, 0x00000000a6f00000|  0%| F|  |TAMS 0x00000000a6e00000, 0x00000000a6e00000| Untracked 
|  75|0x00000000a6f00000, 0x00000000a6f00000, 0x00000000a7000000|  0%| F|  |TAMS 0x00000000a6f00000, 0x00000000a6f00000| Untracked 
|  76|0x00000000a7000000, 0x00000000a7000000, 0x00000000a7100000|  0%| F|  |TAMS 0x00000000a7000000, 0x00000000a7000000| Untracked 
|  77|0x00000000a7100000, 0x00000000a7100000, 0x00000000a7200000|  0%| F|  |TAMS 0x00000000a7100000, 0x00000000a7100000| Untracked 
|  78|0x00000000a7200000, 0x00000000a7200000, 0x00000000a7300000|  0%| F|  |TAMS 0x00000000a7200000, 0x00000000a7200000| Untracked 
|  79|0x00000000a7300000, 0x00000000a7300000, 0x00000000a7400000|  0%| F|  |TAMS 0x00000000a7300000, 0x00000000a7300000| Untracked 
|  80|0x00000000a7400000, 0x00000000a7400000, 0x00000000a7500000|  0%| F|  |TAMS 0x00000000a7400000, 0x00000000a7400000| Untracked 
|  81|0x00000000a7500000, 0x00000000a7500000, 0x00000000a7600000|  0%| F|  |TAMS 0x00000000a7500000, 0x00000000a7500000| Untracked 
|  82|0x00000000a7600000, 0x00000000a7600000, 0x00000000a7700000|  0%| F|  |TAMS 0x00000000a7600000, 0x00000000a7600000| Untracked 
|  83|0x00000000a7700000, 0x00000000a7700000, 0x00000000a7800000|  0%| F|  |TAMS 0x00000000a7700000, 0x00000000a7700000| Untracked 
|  84|0x00000000a7800000, 0x00000000a7800000, 0x00000000a7900000|  0%| F|  |TAMS 0x00000000a7800000, 0x00000000a7800000| Untracked 
|  85|0x00000000a7900000, 0x00000000a7900000, 0x00000000a7a00000|  0%| F|  |TAMS 0x00000000a7900000, 0x00000000a7900000| Untracked 
|  86|0x00000000a7a00000, 0x00000000a7a00000, 0x00000000a7b00000|  0%| F|  |TAMS 0x00000000a7a00000, 0x00000000a7a00000| Untracked 
|  87|0x00000000a7b00000, 0x00000000a7b00000, 0x00000000a7c00000|  0%| F|  |TAMS 0x00000000a7b00000, 0x00000000a7b00000| Untracked 
|  88|0x00000000a7c00000, 0x00000000a7c00000, 0x00000000a7d00000|  0%| F|  |TAMS 0x00000000a7c00000, 0x00000000a7c00000| Untracked 
|  89|0x00000000a7d00000, 0x00000000a7d00000, 0x00000000a7e00000|  0%| F|  |TAMS 0x00000000a7d00000, 0x00000000a7d00000| Untracked 
|  90|0x00000000a7e00000, 0x00000000a7e00000, 0x00000000a7f00000|  0%| F|  |TAMS 0x00000000a7e00000, 0x00000000a7e00000| Untracked 
|  91|0x00000000a7f00000, 0x00000000a7f00000, 0x00000000a8000000|  0%| F|  |TAMS 0x00000000a7f00000, 0x00000000a7f00000| Untracked 
|  92|0x00000000a8000000, 0x00000000a80ec098, 0x00000000a8100000| 92%| E|  |TAMS 0x00000000a8000000, 0x00000000a8000000| Complete 
|  93|0x00000000a8100000, 0x00000000a8200000, 0x00000000a8200000|100%| E|CS|TAMS 0x00000000a8100000, 0x00000000a8100000| Complete 

Card table byte_map: [0x00000275a8760000,0x00000275a8a50000] _byte_map_base: 0x00000275a824e000

Marking Bits (Prev, Next): (CMBitMap*) 0x000002758f6ed7e0, (CMBitMap*) 0x000002758f6ed820
 Prev Bits: [0x00000275a8d40000, 0x00000275aa4b0000)
 Next Bits: [0x00000275aa4b0000, 0x00000275abc20000)

Polling page: 0x000002758f760000

Metaspace:

Usage:
  Non-class:    397.60 KB used.
      Class:     25.44 KB used.
       Both:    423.04 KB used.

Virtual space:
  Non-class space:       64.00 MB reserved,     448.00 KB ( <1%) committed,  1 nodes.
      Class space:        1.00 GB reserved,     128.00 KB ( <1%) committed,  1 nodes.
             Both:        1.06 GB reserved,     576.00 KB ( <1%) committed. 

Chunk freelists:
   Non-Class:  3.98 MB
       Class:  3.74 MB
        Both:  7.72 MB

MaxMetaspaceSize: unlimited
CompressedClassSpaceSize: 1.00 GB
Initial GC threshold: 21.00 MB
Current GC threshold: 21.00 MB
CDS: on
MetaspaceReclaimPolicy: balanced
 - commit_granule_bytes: 65536.
 - commit_granule_words: 8192.
 - virtual_space_node_default_size: 8388608.
 - enlarge_chunks_in_place: 1.
 - new_chunks_are_fully_committed: 0.
 - uncommit_free_chunks: 1.
 - use_allocation_guard: 0.


Internal statistics:

num_allocs_failed_limit: 0.
num_arena_births: 10.
num_arena_deaths: 0.
num_vsnodes_births: 2.
num_vsnodes_deaths: 0.
num_space_committed: 9.
num_space_uncommitted: 0.
num_chunks_returned_to_freelist: 0.
num_chunks_taken_from_freelist: 12.
num_chunk_merges: 0.
num_chunk_splits: 7.
num_chunks_enlarged: 4.
num_inconsistent_stats: 0.

CodeHeap 'non-profiled nmethods': size=120000Kb used=44Kb max_used=44Kb free=119955Kb
 bounds [0x00000275a02c0000, 0x00000275a0530000, 0x00000275a77f0000]
CodeHeap 'profiled nmethods': size=120000Kb used=169Kb max_used=169Kb free=119830Kb
 bounds [0x0000027598d90000, 0x0000027599000000, 0x00000275a02c0000]
CodeHeap 'non-nmethods': size=5760Kb used=1095Kb max_used=1108Kb free=4664Kb
 bounds [0x00000275987f0000, 0x0000027598a60000, 0x0000027598d90000]
 total_blobs=504 nmethods=148 adapters=269
 compilation: enabled
              stopped_count=0, restarted_count=0
 full_count=0

Compilation events (20 events):
Event: 0.255 Thread 0x00000275ae899cc0 nmethod 136 0x0000027598db7390 code [0x0000027598db75c0, 0x0000027598db7c78]
Event: 0.256 Thread 0x00000275ae895470 nmethod 130 0x00000275a02c9e90 code [0x00000275a02ca000, 0x00000275a02ca1f8]
Event: 0.256 Thread 0x00000275ae899cc0  138       3       java.util.Optional::<init> (10 bytes)
Event: 0.256 Thread 0x00000275ae899cc0 nmethod 138 0x0000027598db7f10 code [0x0000027598db80a0, 0x0000027598db8258]
Event: 0.257 Thread 0x00000275ae899cc0  139       3       java.util.Objects::checkIndex (7 bytes)
Event: 0.257 Thread 0x00000275ae899cc0 nmethod 139 0x0000027598db8310 code [0x0000027598db84a0, 0x0000027598db85d8]
Event: 0.257 Thread 0x00000275ae899cc0  140       3       java.nio.Buffer::scope (17 bytes)
Event: 0.257 Thread 0x00000275ae899cc0 nmethod 140 0x0000027598db8690 code [0x0000027598db8840, 0x0000027598db89e8]
Event: 0.257 Thread 0x00000275ae899cc0  141       1       java.lang.invoke.MethodType$ConcurrentWeakInternSet$WeakEntry::hashCode (5 bytes)
Event: 0.258 Thread 0x00000275ae899cc0 nmethod 141 0x00000275a02ca310 code [0x00000275a02ca4a0, 0x00000275a02ca578]
Event: 0.261 Thread 0x00000275ae899cc0  143       1       java.lang.invoke.MethodHandle::type (5 bytes)
Event: 0.261 Thread 0x00000275ae899cc0 nmethod 143 0x00000275a02caa90 code [0x00000275a02cac20, 0x00000275a02cacf8]
Event: 0.262 Thread 0x00000275ae899cc0  144       3       java.lang.invoke.MethodType::parameterCount (6 bytes)
Event: 0.262 Thread 0x00000275ae899cc0 nmethod 144 0x0000027598db8a90 code [0x0000027598db8c20, 0x0000027598db8d38]
Event: 0.263 Thread 0x00000275ae899cc0  145       3       java.lang.invoke.MemberName::testAllFlags (7 bytes)
Event: 0.263 Thread 0x00000275ae899cc0 nmethod 145 0x0000027598db8e10 code [0x0000027598db8fa0, 0x0000027598db9178]
Event: 0.263 Thread 0x00000275ae899cc0  147       3       java.lang.ref.Reference::<init> (25 bytes)
Event: 0.263 Thread 0x00000275ae899cc0 nmethod 147 0x0000027598db9210 code [0x0000027598db93c0, 0x0000027598db9638]
Event: 0.263 Thread 0x00000275ae899cc0  148       3       java.lang.invoke.MethodType$ConcurrentWeakInternSet::get (47 bytes)
Event: 0.264 Thread 0x00000275ae899cc0 nmethod 148 0x0000027598db9710 code [0x0000027598db9940, 0x0000027598dba298]

GC Heap History (0 events):
No events

Deoptimization events (0 events):
No events

Classes loaded (20 events):
Event: 0.242 Loading class jdk/internal/module/ModulePatcher$PatchedModuleReader
Event: 0.242 Loading class jdk/internal/module/ModulePatcher$PatchedModuleReader done
Event: 0.247 Loading class sun/net/www/protocol/jrt/Handler
Event: 0.247 Loading class sun/net/www/protocol/jrt/Handler done
Event: 0.254 Loading class sun/util/resources/LocaleData$CommonResourceBundleProvider
Event: 0.254 Loading class sun/util/resources/LocaleData$LocaleDataResourceBundleProvider
Event: 0.254 Loading class java/util/spi/ResourceBundleProvider
Event: 0.254 Loading class java/util/spi/ResourceBundleProvider done
Event: 0.254 Loading class sun/util/resources/LocaleData$LocaleDataResourceBundleProvider done
Event: 0.254 Loading class sun/util/resources/LocaleData$CommonResourceBundleProvider done
Event: 0.254 Loading class java/util/ArrayList$SubList$1
Event: 0.254 Loading class java/util/ArrayList$SubList$1 done
Event: 0.255 Loading class sun/text/resources/cldr/FormatData_en
Event: 0.256 Loading class sun/text/resources/cldr/FormatData_en done
Event: 0.256 Loading class sun/util/resources/Bundles$2
Event: 0.256 Loading class sun/util/resources/Bundles$2 done
Event: 0.257 Loading class java/lang/InstantiationException
Event: 0.257 Loading class java/lang/InstantiationException done
Event: 0.257 Loading class java/lang/IllegalAccessException
Event: 0.257 Loading class java/lang/IllegalAccessException done

Classes unloaded (0 events):
No events

Classes redefined (0 events):
No events

Internal exceptions (0 events):
No events

VM Operations (0 events):
No events

Events (15 events):
Event: 0.028 Loaded shared library C:\Program Files\Java\jdk-18.0.2.1\bin\java.dll
Event: 0.045 Loaded shared library C:\Program Files\Java\jdk-18.0.2.1\bin\jsvml.dll
Event: 0.045 Thread 0x000002758f69aa80 Thread added: 0x000002758f69aa80
Event: 0.048 Thread 0x00000275ae8743d0 Thread added: 0x00000275ae8743d0
Event: 0.048 Thread 0x00000275ae875510 Thread added: 0x00000275ae875510
Event: 0.109 Thread 0x00000275ae888690 Thread added: 0x00000275ae888690
Event: 0.109 Thread 0x00000275ae88f450 Thread added: 0x00000275ae88f450
Event: 0.109 Thread 0x00000275ae88fdf0 Thread added: 0x00000275ae88fdf0
Event: 0.109 Thread 0x00000275ae8947a0 Thread added: 0x00000275ae8947a0
Event: 0.109 Thread 0x00000275ae895470 Thread added: 0x00000275ae895470
Event: 0.110 Thread 0x00000275ae899cc0 Thread added: 0x00000275ae899cc0
Event: 0.110 Thread 0x00000275ae89ad50 Thread added: 0x00000275ae89ad50
Event: 0.207 Thread 0x00000275b2c8ab60 Thread added: 0x00000275b2c8ab60
Event: 0.211 Thread 0x00000275b2c8f6c0 Thread added: 0x00000275b2c8f6c0
Event: 0.245 Loaded shared library C:\Program Files\Java\jdk-18.0.2.1\bin\jimage.dll


Dynamic libraries:
0x00007ff636820000 - 0x00007ff636830000 	C:\Program Files\Java\jdk-18.0.2.1\bin\javaw.exe
0x00007ffb52f10000 - 0x00007ffb53124000 	C:\WINDOWS\SYSTEM32\ntdll.dll
0x00007ffb52800000 - 0x00007ffb528c2000 	C:\WINDOWS\System32\KERNEL32.DLL
0x00007ffb507d0000 - 0x00007ffb50b73000 	C:\WINDOWS\System32\KERNELBASE.dll
0x00007ffb50310000 - 0x00007ffb50421000 	C:\WINDOWS\System32\ucrtbase.dll
0x00007ffb42710000 - 0x00007ffb42728000 	C:\Program Files\Java\jdk-18.0.2.1\bin\jli.dll
0x00007ffb426f0000 - 0x00007ffb4270a000 	C:\Program Files\Java\jdk-18.0.2.1\bin\VCRUNTIME140.dll
0x00007ffb52750000 - 0x00007ffb527fe000 	C:\WINDOWS\System32\ADVAPI32.dll
0x00007ffb51690000 - 0x00007ffb51737000 	C:\WINDOWS\System32\msvcrt.dll
0x00007ffb50cf0000 - 0x00007ffb50d94000 	C:\WINDOWS\System32\sechost.dll
0x00007ffb51310000 - 0x00007ffb51427000 	C:\WINDOWS\System32\RPCRT4.dll
0x00007ffb514e0000 - 0x00007ffb5168b000 	C:\WINDOWS\System32\USER32.dll
0x00007ffb50c00000 - 0x00007ffb50c26000 	C:\WINDOWS\System32\win32u.dll
0x00007ffb51260000 - 0x00007ffb51289000 	C:\WINDOWS\System32\GDI32.dll
0x00007ffb35280000 - 0x00007ffb3550e000 	C:\WINDOWS\WinSxS\amd64_microsoft.windows.common-controls_6595b64144ccf1df_6.0.22621.1635_none_270f70857386168e\COMCTL32.dll
0x00007ffb50430000 - 0x00007ffb50549000 	C:\WINDOWS\System32\gdi32full.dll
0x00007ffb50730000 - 0x00007ffb507ca000 	C:\WINDOWS\System32\msvcp_win.dll
0x00007ffb476a0000 - 0x00007ffb476aa000 	C:\WINDOWS\SYSTEM32\VERSION.dll
0x00007ffb52c40000 - 0x00007ffb52c71000 	C:\WINDOWS\System32\IMM32.DLL
0x00007ffb41fb0000 - 0x00007ffb41fbc000 	C:\Program Files\Java\jdk-18.0.2.1\bin\vcruntime140_1.dll
0x00007ffaf4500000 - 0x00007ffaf458d000 	C:\Program Files\Java\jdk-18.0.2.1\bin\msvcp140.dll
0x00007ffabda90000 - 0x00007ffabe6a1000 	C:\Program Files\Java\jdk-18.0.2.1\bin\server\jvm.dll
0x00007ffb52d00000 - 0x00007ffb52d08000 	C:\WINDOWS\System32\PSAPI.DLL
0x00007ffb2c080000 - 0x00007ffb2c089000 	C:\WINDOWS\SYSTEM32\WSOCK32.dll
0x00007ffb51f40000 - 0x00007ffb51fb1000 	C:\WINDOWS\System32\WS2_32.dll
0x00007ffb48740000 - 0x00007ffb48774000 	C:\WINDOWS\SYSTEM32\WINMM.dll
0x00007ffb4f360000 - 0x00007ffb4f378000 	C:\WINDOWS\SYSTEM32\kernel.appcore.dll
0x00007ffb4b8f0000 - 0x00007ffb4b8fa000 	C:\Program Files\Java\jdk-18.0.2.1\bin\jimage.dll
0x00007ffb4df80000 - 0x00007ffb4e1ae000 	C:\WINDOWS\SYSTEM32\DBGHELP.DLL
0x00007ffb50ed0000 - 0x00007ffb51259000 	C:\WINDOWS\System32\combase.dll
0x00007ffb521f0000 - 0x00007ffb522c7000 	C:\WINDOWS\System32\OLEAUT32.dll
0x00007ffb3e030000 - 0x00007ffb3e062000 	C:\WINDOWS\SYSTEM32\dbgcore.DLL
0x00007ffb50b80000 - 0x00007ffb50bfb000 	C:\WINDOWS\System32\bcryptPrimitives.dll
0x00007ffb42750000 - 0x00007ffb42775000 	C:\Program Files\Java\jdk-18.0.2.1\bin\java.dll
0x00007ffb2f250000 - 0x00007ffb2f326000 	C:\Program Files\Java\jdk-18.0.2.1\bin\jsvml.dll
0x00007ffb51740000 - 0x00007ffb51f3a000 	C:\WINDOWS\System32\SHELL32.dll
0x00007ffb4e310000 - 0x00007ffb4ebde000 	C:\WINDOWS\SYSTEM32\windows.storage.dll
0x00007ffb4e1d0000 - 0x00007ffb4e30e000 	C:\WINDOWS\SYSTEM32\wintypes.dll
0x00007ffb528d0000 - 0x00007ffb529c1000 	C:\WINDOWS\System32\SHCORE.dll
0x00007ffb52ca0000 - 0x00007ffb52cfe000 	C:\WINDOWS\System32\shlwapi.dll
0x00007ffb50240000 - 0x00007ffb50261000 	C:\WINDOWS\SYSTEM32\profapi.dll

dbghelp: loaded successfully - version: 4.0.5 - missing functions: none
symbol engine: initialized successfully - sym options: 0x614 - pdb path: .;C:\Program Files\Java\jdk-18.0.2.1\bin;C:\WINDOWS\SYSTEM32;C:\WINDOWS\WinSxS\amd64_microsoft.windows.common-controls_6595b64144ccf1df_6.0.22621.1635_none_270f70857386168e;C:\Program Files\Java\jdk-18.0.2.1\bin\server

VM Arguments:
jvm_args: -Dfile.encoding=UTF-8 -XX:+ShowCodeDetailsInExceptionMessages 
java_command: harrystutorialcode.Packages_in_Java
java_class_path (initial): C:\Users\bhush\eclipse-workspace\poonamdemo\bin
Launcher Type: SUN_STANDARD

[Global flags]
     intx CICompilerCount                          = 4                                         {product} {ergonomic}
     uint ConcGCThreads                            = 3                                         {product} {ergonomic}
     uint G1ConcRefinementThreads                  = 10                                        {product} {ergonomic}
   size_t G1HeapRegionSize                         = 1048576                                   {product} {ergonomic}
    uintx GCDrainStackTargetSize                   = 64                                        {product} {ergonomic}
   size_t InitialHeapSize                          = 98566144                                  {product} {ergonomic}
   size_t MarkStackSize                            = 4194304                                   {product} {ergonomic}
   size_t MaxHeapSize                              = 1572864000                                {product} {ergonomic}
   size_t MaxNewSize                               = 943718400                                 {product} {ergonomic}
   size_t MinHeapDeltaBytes                        = 1048576                                   {product} {ergonomic}
   size_t MinHeapSize                              = 8388608                                   {product} {ergonomic}
    uintx NonNMethodCodeHeapSize                   = 5839372                                {pd product} {ergonomic}
    uintx NonProfiledCodeHeapSize                  = 122909434                              {pd product} {ergonomic}
    uintx ProfiledCodeHeapSize                     = 122909434                              {pd product} {ergonomic}
    uintx ReservedCodeCacheSize                    = 251658240                              {pd product} {ergonomic}
     bool SegmentedCodeCache                       = true                                      {product} {ergonomic}
     bool ShowCodeDetailsInExceptionMessages       = true                                   {manageable} {command line}
   size_t SoftMaxHeapSize                          = 1572864000                             {manageable} {ergonomic}
     bool UseCompressedClassPointers               = true                           {product lp64_product} {ergonomic}
     bool UseCompressedOops                        = true                           {product lp64_product} {ergonomic}
     bool UseG1GC                                  = true                                      {product} {ergonomic}
     bool UseLargePagesIndividualAllocation        = false                                  {pd product} {ergonomic}

Logging:
Log output configuration:
 #0: stdout all=warning uptime,level,tags foldmultilines=false
 #1: stderr all=off uptime,level,tags foldmultilines=false

Environment Variables:
PATH=C:/Program Files/Java/jdk-18.0.2.1/bin/server;C:/Program Files/Java/jdk-18.0.2.1/bin;C:\Program Files\Common Files\Oracle\Java\javapath;C:\Windows\system32;C:\Windows;C:\Windows\System32\Wbem;C:\Windows\System32\WindowsPowerShell\v1.0\;C:\Windows\System32\OpenSSH\;C:\Program Files (x86)\NVIDIA Corporation\PhysX\Common;C:\Program Files\NVIDIA Corporation\NVIDIA NvDLISR;C:\Program Files\Git\cmd;C:\WINDOWS\system32;C:\WINDOWS;C:\WINDOWS\System32\Wbem;C:\WINDOWS\System32\WindowsPowerShell\v1.0\;C:\WINDOWS\System32\OpenSSH\;C:\Program Files\nodejs\;C:\Program Files\Microsoft VS Code\bin;C:\Users\bhush\AppData\Local\Microsoft\WindowsApps;C:\Users\bhush\AppData\Roaming\npm;C:\Users\bhush\eclipse\java-2022-06\eclipse;
USERNAME=bhush
OS=Windows_NT
PROCESSOR_IDENTIFIER=AMD64 Family 25 Model 80 Stepping 0, AuthenticAMD



---------------  S Y S T E M  ---------------

OS:
 Windows 11 , 64 bit Build 22621 (10.0.22621.1778)
OS uptime: 1 days 20:58 hours

CPU: total 12 (initial active 12) (12 cores per cpu, 2 threads per core) family 25 model 80 stepping 0 microcode 0x0, cx8, cmov, fxsr, ht, mmx, 3dnowpref, sse, sse2, sse3, ssse3, sse4a, sse4.1, sse4.2, popcnt, lzcnt, tsc, tscinvbit, avx, avx2, aes, erms, clmul, bmi1, bmi2, adx, sha, fma, vzeroupper, clflush, clflushopt

Memory: 4k page, system-wide physical 5996M (417M free)
TotalPageFile size 24428M (AvailPageFile size 11M)
current process WorkingSet (physical memory assigned to process): 31M, peak: 31M
current process commit charge ("private bytes"): 178M, peak: 178M

vm_info: Java HotSpot(TM) 64-Bit Server VM (18.0.2.1+1-1) for windows-amd64 JRE (18.0.2.1+1-1), built on Aug 16 2022 01:46:33 by "mach5one" with MS VC++ 16.8 / 16.9 (VS2019)

END.
